mode: set
backend/internal/delivery/http/billing_handler.go:22.102,32.2 5 1
backend/internal/delivery/http/billing_handler.go:32.2,42.3 9 1
backend/internal/delivery/http/billing_handler.go:44.2,46.2 3 1
backend/internal/delivery/http/billing_handler.go:46.2,61.3 13 1
backend/internal/delivery/http/billing_handler.go:63.2,65.2 3 1
backend/internal/delivery/http/billing_handler.go:65.2,68.3 2 1
backend/internal/delivery/http/billing_handler.go:70.2,72.2 3 1
backend/internal/delivery/http/billing_handler.go:72.2,75.3 2 1
backend/internal/delivery/http/billing_handler.go:80.56,83.50 3 1
backend/internal/delivery/http/billing_handler.go:83.50,84.58 1 0
backend/internal/delivery/http/billing_handler.go:84.58,86.4 1 0
backend/internal/delivery/http/billing_handler.go:88.2,92.16 4 1
backend/internal/delivery/http/billing_handler.go:92.16,95.3 2 0
backend/internal/delivery/http/billing_handler.go:97.2,101.4 1 1
backend/internal/delivery/http/billing_handler.go:104.60,106.16 2 1
backend/internal/delivery/http/billing_handler.go:106.16,109.3 2 0
backend/internal/delivery/http/billing_handler.go:111.2,111.32 1 1
backend/internal/delivery/http/billing_handler.go:114.53,116.16 2 0
backend/internal/delivery/http/billing_handler.go:116.16,119.3 2 0
backend/internal/delivery/http/billing_handler.go:121.2,122.16 2 0
backend/internal/delivery/http/billing_handler.go:122.16,125.3 2 0
backend/internal/delivery/http/billing_handler.go:127.2,127.47 1 0
backend/internal/delivery/http/billing_handler.go:130.56,132.51 2 0
backend/internal/delivery/http/billing_handler.go:132.51,135.3 2 0
backend/internal/delivery/http/billing_handler.go:137.2,137.86 1 0
backend/internal/delivery/http/billing_handler.go:137.86,140.3 2 0
backend/internal/delivery/http/billing_handler.go:142.2,142.52 1 0
backend/internal/delivery/http/billing_handler.go:145.62,147.16 2 0
backend/internal/delivery/http/billing_handler.go:147.16,150.3 2 0
backend/internal/delivery/http/billing_handler.go:152.2,155.47 2 0
backend/internal/delivery/http/billing_handler.go:155.47,158.3 2 0
backend/internal/delivery/http/billing_handler.go:160.2,160.98 1 0
backend/internal/delivery/http/billing_handler.go:160.98,163.3 2 0
backend/internal/delivery/http/billing_handler.go:165.2,165.80 1 0
backend/internal/delivery/http/billing_handler.go:168.64,173.47 2 0
backend/internal/delivery/http/billing_handler.go:173.47,176.3 2 0
backend/internal/delivery/http/billing_handler.go:178.2,179.16 2 0
backend/internal/delivery/http/billing_handler.go:179.16,182.3 2 0
backend/internal/delivery/http/billing_handler.go:184.2,184.37 1 0
backend/internal/delivery/http/billing_handler.go:189.57,192.50 3 1
backend/internal/delivery/http/billing_handler.go:192.50,193.58 1 0
backend/internal/delivery/http/billing_handler.go:193.58,195.4 1 0
backend/internal/delivery/http/billing_handler.go:197.2,202.16 5 1
backend/internal/delivery/http/billing_handler.go:202.16,205.3 2 0
backend/internal/delivery/http/billing_handler.go:207.2,208.34 2 1
backend/internal/delivery/http/billing_handler.go:208.34,210.3 1 0
backend/internal/delivery/http/billing_handler.go:212.2,215.4 1 1
backend/internal/delivery/http/billing_handler.go:218.63,220.16 2 0
backend/internal/delivery/http/billing_handler.go:220.16,223.3 2 0
backend/internal/delivery/http/billing_handler.go:225.2,226.34 2 0
backend/internal/delivery/http/billing_handler.go:226.34,228.3 1 0
backend/internal/delivery/http/billing_handler.go:230.2,233.4 1 0
backend/internal/delivery/http/billing_handler.go:236.118,256.27 2 0
backend/internal/delivery/http/billing_handler.go:256.27,260.36 4 0
backend/internal/delivery/http/billing_handler.go:260.36,262.4 1 0
backend/internal/delivery/http/billing_handler.go:263.3,269.4 1 0
backend/internal/delivery/http/billing_handler.go:272.2,272.30 1 0
backend/internal/delivery/http/billing_handler.go:272.30,276.28 3 0
backend/internal/delivery/http/billing_handler.go:276.28,278.4 1 0
backend/internal/delivery/http/billing_handler.go:278.9,280.45 2 0
backend/internal/delivery/http/billing_handler.go:280.45,282.5 1 0
backend/internal/delivery/http/billing_handler.go:283.4,283.86 1 0
backend/internal/delivery/http/billing_handler.go:286.3,286.44 1 0
backend/internal/delivery/http/billing_handler.go:286.44,288.4 1 0
backend/internal/delivery/http/billing_handler.go:290.2,290.13 1 0
backend/internal/delivery/http/billing_handler.go:293.55,295.16 2 0
backend/internal/delivery/http/billing_handler.go:295.16,298.3 2 0
backend/internal/delivery/http/billing_handler.go:300.2,301.16 2 0
backend/internal/delivery/http/billing_handler.go:301.16,304.3 2 0
backend/internal/delivery/http/billing_handler.go:306.2,306.34 1 0
backend/internal/delivery/http/billing_handler.go:309.58,311.53 2 0
backend/internal/delivery/http/billing_handler.go:311.53,314.3 2 0
backend/internal/delivery/http/billing_handler.go:316.2,316.90 1 0
backend/internal/delivery/http/billing_handler.go:316.90,317.66 1 0
backend/internal/delivery/http/billing_handler.go:317.66,320.4 2 0
backend/internal/delivery/http/billing_handler.go:321.3,321.101 1 0
backend/internal/delivery/http/billing_handler.go:321.101,324.4 2 0
backend/internal/delivery/http/billing_handler.go:325.3,326.9 2 0
backend/internal/delivery/http/billing_handler.go:329.2,330.16 2 0
backend/internal/delivery/http/billing_handler.go:330.16,333.3 2 0
backend/internal/delivery/http/billing_handler.go:335.2,335.37 1 0
backend/internal/delivery/http/billing_handler.go:338.58,340.16 2 0
backend/internal/delivery/http/billing_handler.go:340.16,343.3 2 0
backend/internal/delivery/http/billing_handler.go:345.2,346.53 2 0
backend/internal/delivery/http/billing_handler.go:346.53,349.3 2 0
backend/internal/delivery/http/billing_handler.go:351.2,351.94 1 0
backend/internal/delivery/http/billing_handler.go:351.94,354.3 2 0
backend/internal/delivery/http/billing_handler.go:356.2,357.16 2 0
backend/internal/delivery/http/billing_handler.go:357.16,360.3 2 0
backend/internal/delivery/http/billing_handler.go:362.2,362.32 1 0
backend/internal/delivery/http/billing_handler.go:365.58,367.16 2 0
backend/internal/delivery/http/billing_handler.go:367.16,370.3 2 0
backend/internal/delivery/http/billing_handler.go:372.2,372.82 1 0
backend/internal/delivery/http/billing_handler.go:372.82,375.3 2 0
backend/internal/delivery/http/billing_handler.go:377.2,377.32 1 0
backend/internal/delivery/http/billing_handler.go:380.57,382.47 2 0
backend/internal/delivery/http/billing_handler.go:382.47,385.3 2 0
backend/internal/delivery/http/billing_handler.go:387.2,388.16 2 0
backend/internal/delivery/http/billing_handler.go:388.16,389.101 1 0
backend/internal/delivery/http/billing_handler.go:389.101,392.4 2 0
backend/internal/delivery/http/billing_handler.go:393.3,394.9 2 0
backend/internal/delivery/http/billing_handler.go:397.2,397.28 1 0
backend/internal/delivery/http/billing_handler.go:400.67,402.47 2 0
backend/internal/delivery/http/billing_handler.go:402.47,405.3 2 0
backend/internal/delivery/http/billing_handler.go:407.2,408.16 2 0
backend/internal/delivery/http/billing_handler.go:408.16,409.101 1 0
backend/internal/delivery/http/billing_handler.go:409.101,412.4 2 0
backend/internal/delivery/http/billing_handler.go:413.3,414.9 2 0
backend/internal/delivery/http/billing_handler.go:417.2,417.28 1 0
backend/internal/delivery/http/billing_handler.go:420.59,422.47 2 0
backend/internal/delivery/http/billing_handler.go:422.47,425.3 2 0
backend/internal/delivery/http/billing_handler.go:427.2,428.16 2 0
backend/internal/delivery/http/billing_handler.go:428.16,429.101 1 0
backend/internal/delivery/http/billing_handler.go:429.101,432.4 2 0
backend/internal/delivery/http/billing_handler.go:433.3,434.9 2 0
backend/internal/delivery/http/billing_handler.go:437.2,437.28 1 0
backend/internal/delivery/http/billing_handler.go:440.58,442.47 2 0
backend/internal/delivery/http/billing_handler.go:442.47,445.3 2 0
backend/internal/delivery/http/billing_handler.go:447.2,448.16 2 0
backend/internal/delivery/http/billing_handler.go:448.16,449.101 1 0
backend/internal/delivery/http/billing_handler.go:449.101,452.4 2 0
backend/internal/delivery/http/billing_handler.go:453.3,454.9 2 0
backend/internal/delivery/http/billing_handler.go:457.2,457.28 1 0
backend/internal/delivery/http/billing_handler.go:460.64,462.51 2 0
backend/internal/delivery/http/billing_handler.go:462.51,465.3 2 0
backend/internal/delivery/http/billing_handler.go:467.2,469.26 3 0
backend/internal/delivery/http/billing_handler.go:469.26,471.3 1 0
backend/internal/delivery/http/billing_handler.go:473.2,474.16 2 0
backend/internal/delivery/http/billing_handler.go:474.16,475.112 1 0
backend/internal/delivery/http/billing_handler.go:475.112,478.4 2 0
backend/internal/delivery/http/billing_handler.go:479.3,479.49 1 0
backend/internal/delivery/http/billing_handler.go:479.49,482.4 2 0
backend/internal/delivery/http/billing_handler.go:483.3,484.9 2 0
backend/internal/delivery/http/billing_handler.go:487.2,487.76 1 0
backend/internal/delivery/http/billing_handler.go:490.59,499.16 3 1
backend/internal/delivery/http/billing_handler.go:499.16,504.3 3 0
backend/internal/delivery/http/billing_handler.go:506.2,506.31 1 1
backend/internal/delivery/http/billing_handler.go:509.66,523.16 5 1
backend/internal/delivery/http/billing_handler.go:523.16,528.3 3 0
backend/internal/delivery/http/billing_handler.go:530.2,530.30 1 1
backend/internal/delivery/http/billing_handler.go:533.58,536.16 3 0
backend/internal/delivery/http/billing_handler.go:536.16,539.3 2 0
backend/internal/delivery/http/billing_handler.go:540.2,541.23 2 0
backend/internal/delivery/http/billing_handler.go:541.23,541.61 1 0
backend/internal/delivery/http/billing_handler.go:542.2,543.42 2 0
backend/internal/delivery/http/billing_handler.go:546.68,548.16 2 0
backend/internal/delivery/http/billing_handler.go:548.16,551.3 2 0
backend/internal/delivery/http/billing_handler.go:552.2,553.42 2 0
backend/internal/delivery/http/billing_handler.go:556.58,563.16 7 0
backend/internal/delivery/http/billing_handler.go:563.16,566.3 2 0
backend/internal/delivery/http/billing_handler.go:567.2,567.68 1 0
backend/internal/delivery/http/billing_handler.go:570.68,575.2 4 0
backend/internal/delivery/http/billing_handler.go:577.57,580.16 3 1
backend/internal/delivery/http/billing_handler.go:580.16,583.3 2 0
backend/internal/delivery/http/billing_handler.go:584.2,585.23 2 1
backend/internal/delivery/http/billing_handler.go:585.23,585.60 1 0
backend/internal/delivery/http/billing_handler.go:586.2,587.42 2 1
backend/internal/delivery/http/billing_handler.go:590.66,599.16 3 1
backend/internal/delivery/http/billing_handler.go:599.16,602.3 2 0
backend/internal/delivery/http/billing_handler.go:604.2,605.98 2 1
backend/internal/delivery/http/dashboard_handler.go:18.129,26.2 4 0
backend/internal/delivery/http/dashboard_handler.go:26.2,34.3 7 0
backend/internal/delivery/http/dashboard_handler.go:37.61,41.13 3 0
backend/internal/delivery/http/dashboard_handler.go:41.13,44.3 2 0
backend/internal/delivery/http/dashboard_handler.go:46.2,47.16 2 0
backend/internal/delivery/http/dashboard_handler.go:47.16,50.3 2 0
backend/internal/delivery/http/dashboard_handler.go:52.2,53.53 2 0
backend/internal/delivery/http/dashboard_handler.go:53.53,56.3 2 0
backend/internal/delivery/http/dashboard_handler.go:58.2,59.42 2 0
backend/internal/delivery/http/dashboard_handler.go:59.42,61.3 1 0
backend/internal/delivery/http/dashboard_handler.go:63.2,64.16 2 0
backend/internal/delivery/http/dashboard_handler.go:64.16,67.3 2 0
backend/internal/delivery/http/dashboard_handler.go:69.2,69.29 1 0
backend/internal/delivery/http/dashboard_handler.go:72.69,74.18 2 0
backend/internal/delivery/http/dashboard_handler.go:74.18,77.3 2 0
backend/internal/delivery/http/dashboard_handler.go:79.2,80.16 2 0
backend/internal/delivery/http/dashboard_handler.go:80.16,83.3 2 0
backend/internal/delivery/http/dashboard_handler.go:85.2,85.32 1 0
backend/internal/delivery/http/dashboard_handler.go:88.61,90.16 2 0
backend/internal/delivery/http/dashboard_handler.go:90.16,94.3 3 0
backend/internal/delivery/http/dashboard_handler.go:96.2,96.28 1 0
backend/internal/delivery/http/dashboard_handler.go:99.60,101.16 2 0
backend/internal/delivery/http/dashboard_handler.go:101.16,105.3 3 0
backend/internal/delivery/http/dashboard_handler.go:107.2,107.28 1 0
backend/internal/delivery/http/dashboard_handler.go:111.72,114.13 3 0
backend/internal/delivery/http/dashboard_handler.go:114.13,117.3 2 0
backend/internal/delivery/http/dashboard_handler.go:118.2,123.16 4 0
backend/internal/delivery/http/dashboard_handler.go:123.16,127.3 3 0
backend/internal/delivery/http/dashboard_handler.go:129.2,129.28 1 0
backend/internal/delivery/http/dashboard_handler.go:132.71,135.13 3 0
backend/internal/delivery/http/dashboard_handler.go:135.13,138.3 2 0
backend/internal/delivery/http/dashboard_handler.go:139.2,142.16 3 0
backend/internal/delivery/http/dashboard_handler.go:142.16,145.3 2 0
backend/internal/delivery/http/dashboard_handler.go:147.2,147.28 1 0
backend/internal/delivery/http/dashboard_pelanggan_handler.go:17.120,24.2 4 0
backend/internal/delivery/http/dashboard_pelanggan_handler.go:24.2,27.3 2 0
backend/internal/delivery/http/dashboard_pelanggan_handler.go:30.79,34.20 3 0
backend/internal/delivery/http/dashboard_pelanggan_handler.go:34.20,36.3 1 0
backend/internal/delivery/http/dashboard_pelanggan_handler.go:38.2,41.16 3 0
backend/internal/delivery/http/dashboard_pelanggan_handler.go:41.16,44.3 2 0
backend/internal/delivery/http/dashboard_pelanggan_handler.go:46.2,47.16 2 0
backend/internal/delivery/http/dashboard_pelanggan_handler.go:47.16,50.3 2 0
backend/internal/delivery/http/dashboard_pelanggan_handler.go:52.2,53.16 2 0
backend/internal/delivery/http/dashboard_pelanggan_handler.go:53.16,56.3 2 0
backend/internal/delivery/http/dashboard_pelanggan_handler.go:58.2,64.33 2 0
backend/internal/delivery/http/dashboard_pelanggan_handler.go:67.72,70.18 2 0
backend/internal/delivery/http/dashboard_pelanggan_handler.go:71.12,72.11 1 0
backend/internal/delivery/http/dashboard_pelanggan_handler.go:73.12,74.11 1 0
backend/internal/delivery/http/dashboard_pelanggan_handler.go:75.12,76.12 1 0
backend/internal/delivery/http/dashboard_pelanggan_handler.go:77.10,79.17 2 0
backend/internal/delivery/http/dashboard_pelanggan_handler.go:79.17,81.4 1 0
backend/internal/delivery/http/dashboard_pelanggan_handler.go:82.3,82.11 1 0
backend/internal/delivery/http/data_teknis_handler.go:25.108,32.2 4 0
backend/internal/delivery/http/data_teknis_handler.go:32.2,50.3 17 0
backend/internal/delivery/http/data_teknis_handler.go:53.52,56.16 3 0
backend/internal/delivery/http/data_teknis_handler.go:56.16,59.3 2 0
backend/internal/delivery/http/data_teknis_handler.go:61.2,62.23 2 0
backend/internal/delivery/http/data_teknis_handler.go:62.23,64.3 1 0
backend/internal/delivery/http/data_teknis_handler.go:64.8,66.3 1 0
backend/internal/delivery/http/data_teknis_handler.go:68.2,69.42 2 0
backend/internal/delivery/http/data_teknis_handler.go:72.54,81.54 8 0
backend/internal/delivery/http/data_teknis_handler.go:81.54,82.51 1 0
backend/internal/delivery/http/data_teknis_handler.go:82.51,84.4 1 0
backend/internal/delivery/http/data_teknis_handler.go:87.2,88.54 2 0
backend/internal/delivery/http/data_teknis_handler.go:88.54,89.51 1 0
backend/internal/delivery/http/data_teknis_handler.go:89.51,91.4 1 0
backend/internal/delivery/http/data_teknis_handler.go:94.2,95.16 2 0
backend/internal/delivery/http/data_teknis_handler.go:95.16,98.3 2 0
backend/internal/delivery/http/data_teknis_handler.go:100.2,103.4 1 0
backend/internal/delivery/http/data_teknis_handler.go:106.61,108.16 2 0
backend/internal/delivery/http/data_teknis_handler.go:108.16,111.3 2 0
backend/internal/delivery/http/data_teknis_handler.go:112.2,114.28 3 0
backend/internal/delivery/http/data_teknis_handler.go:117.66,119.16 2 0
backend/internal/delivery/http/data_teknis_handler.go:119.16,122.3 2 0
backend/internal/delivery/http/data_teknis_handler.go:123.2,125.28 3 0
backend/internal/delivery/http/data_teknis_handler.go:128.63,130.16 2 0
backend/internal/delivery/http/data_teknis_handler.go:130.16,133.3 2 0
backend/internal/delivery/http/data_teknis_handler.go:134.2,136.28 3 0
backend/internal/delivery/http/data_teknis_handler.go:139.63,141.16 2 0
backend/internal/delivery/http/data_teknis_handler.go:141.16,144.3 2 0
backend/internal/delivery/http/data_teknis_handler.go:145.2,153.4 1 0
backend/internal/delivery/http/data_teknis_handler.go:156.62,158.16 2 0
backend/internal/delivery/http/data_teknis_handler.go:158.16,161.3 2 0
backend/internal/delivery/http/data_teknis_handler.go:163.2,164.16 2 0
backend/internal/delivery/http/data_teknis_handler.go:164.16,167.3 2 0
backend/internal/delivery/http/data_teknis_handler.go:169.2,169.15 1 0
backend/internal/delivery/http/data_teknis_handler.go:169.15,172.3 2 0
backend/internal/delivery/http/data_teknis_handler.go:174.2,174.42 1 0
backend/internal/delivery/http/data_teknis_handler.go:177.53,179.16 2 0
backend/internal/delivery/http/data_teknis_handler.go:179.16,182.3 2 0
backend/internal/delivery/http/data_teknis_handler.go:184.2,185.16 2 0
backend/internal/delivery/http/data_teknis_handler.go:185.16,188.3 2 0
backend/internal/delivery/http/data_teknis_handler.go:189.2,189.15 1 0
backend/internal/delivery/http/data_teknis_handler.go:189.15,192.3 2 0
backend/internal/delivery/http/data_teknis_handler.go:194.2,194.27 1 0
backend/internal/delivery/http/data_teknis_handler.go:197.51,199.46 2 0
backend/internal/delivery/http/data_teknis_handler.go:199.46,202.3 2 0
backend/internal/delivery/http/data_teknis_handler.go:204.2,204.76 1 0
backend/internal/delivery/http/data_teknis_handler.go:204.76,207.3 2 0
backend/internal/delivery/http/data_teknis_handler.go:209.2,209.32 1 0
backend/internal/delivery/http/data_teknis_handler.go:212.52,214.16 2 0
backend/internal/delivery/http/data_teknis_handler.go:214.16,217.3 2 0
backend/internal/delivery/http/data_teknis_handler.go:219.2,220.46 2 0
backend/internal/delivery/http/data_teknis_handler.go:220.46,223.3 2 0
backend/internal/delivery/http/data_teknis_handler.go:225.2,225.81 1 0
backend/internal/delivery/http/data_teknis_handler.go:225.81,228.3 2 0
backend/internal/delivery/http/data_teknis_handler.go:230.2,231.16 2 0
backend/internal/delivery/http/data_teknis_handler.go:231.16,234.3 2 0
backend/internal/delivery/http/data_teknis_handler.go:236.2,236.32 1 0
backend/internal/delivery/http/data_teknis_handler.go:239.52,241.16 2 0
backend/internal/delivery/http/data_teknis_handler.go:241.16,244.3 2 0
backend/internal/delivery/http/data_teknis_handler.go:246.2,246.76 1 0
backend/internal/delivery/http/data_teknis_handler.go:246.76,249.3 2 0
backend/internal/delivery/http/data_teknis_handler.go:251.2,251.32 1 0
backend/internal/delivery/http/data_teknis_handler.go:254.60,256.47 2 0
backend/internal/delivery/http/data_teknis_handler.go:256.47,259.3 2 0
backend/internal/delivery/http/data_teknis_handler.go:261.2,262.16 2 0
backend/internal/delivery/http/data_teknis_handler.go:262.16,265.3 2 0
backend/internal/delivery/http/data_teknis_handler.go:267.2,268.13 2 0
backend/internal/delivery/http/data_teknis_handler.go:268.13,270.3 1 0
backend/internal/delivery/http/data_teknis_handler.go:272.2,276.4 1 0
backend/internal/delivery/http/data_teknis_handler.go:279.76,281.16 2 0
backend/internal/delivery/http/data_teknis_handler.go:281.16,284.3 2 0
backend/internal/delivery/http/data_teknis_handler.go:286.2,287.16 2 0
backend/internal/delivery/http/data_teknis_handler.go:287.16,290.3 2 0
backend/internal/delivery/http/data_teknis_handler.go:292.2,293.69 2 0
backend/internal/delivery/http/data_teknis_handler.go:293.69,294.69 1 0
backend/internal/delivery/http/data_teknis_handler.go:294.69,296.4 1 0
backend/internal/delivery/http/data_teknis_handler.go:299.2,300.16 2 0
backend/internal/delivery/http/data_teknis_handler.go:300.16,303.3 2 0
backend/internal/delivery/http/data_teknis_handler.go:305.2,305.28 1 0
backend/internal/delivery/http/data_teknis_handler.go:308.59,310.16 2 0
backend/internal/delivery/http/data_teknis_handler.go:310.16,313.3 2 0
backend/internal/delivery/http/data_teknis_handler.go:315.2,316.16 2 0
backend/internal/delivery/http/data_teknis_handler.go:316.16,319.3 2 0
backend/internal/delivery/http/data_teknis_handler.go:321.2,321.28 1 0
backend/internal/delivery/http/data_teknis_handler.go:324.59,326.16 2 0
backend/internal/delivery/http/data_teknis_handler.go:326.16,329.3 2 0
backend/internal/delivery/http/data_teknis_handler.go:331.2,332.16 2 0
backend/internal/delivery/http/data_teknis_handler.go:332.16,335.3 2 0
backend/internal/delivery/http/data_teknis_handler.go:336.2,339.48 3 0
backend/internal/delivery/http/data_teknis_handler.go:339.48,342.3 2 0
backend/internal/delivery/http/data_teknis_handler.go:344.2,346.16 3 0
backend/internal/delivery/http/data_teknis_handler.go:346.16,352.3 2 0
backend/internal/delivery/http/data_teknis_handler.go:354.2,357.4 1 0
backend/internal/delivery/http/data_teknis_handler.go:360.65,404.2 9 0
backend/internal/delivery/http/inventory_handler.go:22.106,30.2 4 0
backend/internal/delivery/http/inventory_handler.go:30.2,48.3 13 0
backend/internal/delivery/http/inventory_handler.go:51.2,53.2 3 0
backend/internal/delivery/http/inventory_handler.go:53.2,60.3 6 0
backend/internal/delivery/http/inventory_handler.go:63.2,65.2 3 0
backend/internal/delivery/http/inventory_handler.go:65.2,72.3 6 0
backend/internal/delivery/http/inventory_handler.go:75.53,82.55 5 0
backend/internal/delivery/http/inventory_handler.go:82.55,83.65 1 0
backend/internal/delivery/http/inventory_handler.go:83.65,85.4 1 0
backend/internal/delivery/http/inventory_handler.go:88.2,88.56 1 0
backend/internal/delivery/http/inventory_handler.go:88.56,89.67 1 0
backend/internal/delivery/http/inventory_handler.go:89.67,91.4 1 0
backend/internal/delivery/http/inventory_handler.go:94.2,94.65 1 0
backend/internal/delivery/http/inventory_handler.go:94.65,95.70 1 0
backend/internal/delivery/http/inventory_handler.go:95.70,97.4 1 0
backend/internal/delivery/http/inventory_handler.go:100.2,101.16 2 0
backend/internal/delivery/http/inventory_handler.go:101.16,104.3 2 0
backend/internal/delivery/http/inventory_handler.go:106.2,113.4 1 0
backend/internal/delivery/http/inventory_handler.go:116.56,118.16 2 0
backend/internal/delivery/http/inventory_handler.go:118.16,121.3 2 0
backend/internal/delivery/http/inventory_handler.go:123.2,124.16 2 0
backend/internal/delivery/http/inventory_handler.go:124.16,127.3 2 0
backend/internal/delivery/http/inventory_handler.go:129.2,129.44 1 0
backend/internal/delivery/http/inventory_handler.go:132.55,134.13 2 0
backend/internal/delivery/http/inventory_handler.go:134.13,137.3 2 0
backend/internal/delivery/http/inventory_handler.go:138.2,141.48 3 0
backend/internal/delivery/http/inventory_handler.go:141.48,144.3 2 0
backend/internal/delivery/http/inventory_handler.go:146.2,147.16 2 0
backend/internal/delivery/http/inventory_handler.go:147.16,150.3 2 0
backend/internal/delivery/http/inventory_handler.go:152.2,152.52 1 0
backend/internal/delivery/http/inventory_handler.go:155.55,157.13 2 0
backend/internal/delivery/http/inventory_handler.go:157.13,160.3 2 0
backend/internal/delivery/http/inventory_handler.go:161.2,164.16 3 0
backend/internal/delivery/http/inventory_handler.go:164.16,167.3 2 0
backend/internal/delivery/http/inventory_handler.go:169.2,170.48 2 0
backend/internal/delivery/http/inventory_handler.go:170.48,173.3 2 0
backend/internal/delivery/http/inventory_handler.go:175.2,176.16 2 0
backend/internal/delivery/http/inventory_handler.go:176.16,179.3 2 0
backend/internal/delivery/http/inventory_handler.go:181.2,181.51 1 0
backend/internal/delivery/http/inventory_handler.go:184.55,186.13 2 0
backend/internal/delivery/http/inventory_handler.go:186.13,189.3 2 0
backend/internal/delivery/http/inventory_handler.go:190.2,193.16 3 0
backend/internal/delivery/http/inventory_handler.go:193.16,196.3 2 0
backend/internal/delivery/http/inventory_handler.go:198.2,198.78 1 0
backend/internal/delivery/http/inventory_handler.go:198.78,201.3 2 0
backend/internal/delivery/http/inventory_handler.go:203.2,203.80 1 0
backend/internal/delivery/http/inventory_handler.go:206.57,208.16 2 0
backend/internal/delivery/http/inventory_handler.go:208.16,211.3 2 0
backend/internal/delivery/http/inventory_handler.go:212.2,212.45 1 0
backend/internal/delivery/http/inventory_handler.go:215.56,217.16 2 0
backend/internal/delivery/http/inventory_handler.go:217.16,220.3 2 0
backend/internal/delivery/http/inventory_handler.go:221.2,221.48 1 0
backend/internal/delivery/http/inventory_handler.go:224.59,226.16 2 0
backend/internal/delivery/http/inventory_handler.go:226.16,229.3 2 0
backend/internal/delivery/http/inventory_handler.go:231.2,232.16 2 0
backend/internal/delivery/http/inventory_handler.go:232.16,235.3 2 0
backend/internal/delivery/http/inventory_handler.go:237.2,237.47 1 0
backend/internal/delivery/http/inventory_handler.go:245.55,247.13 2 0
backend/internal/delivery/http/inventory_handler.go:247.13,250.3 2 0
backend/internal/delivery/http/inventory_handler.go:251.2,254.16 3 0
backend/internal/delivery/http/inventory_handler.go:254.16,257.3 2 0
backend/internal/delivery/http/inventory_handler.go:259.2,260.47 2 0
backend/internal/delivery/http/inventory_handler.go:260.47,263.3 2 0
backend/internal/delivery/http/inventory_handler.go:265.2,266.16 2 0
backend/internal/delivery/http/inventory_handler.go:266.16,269.3 2 0
backend/internal/delivery/http/inventory_handler.go:271.2,271.81 1 0
backend/internal/delivery/http/inventory_handler.go:278.57,280.13 2 0
backend/internal/delivery/http/inventory_handler.go:280.13,283.3 2 0
backend/internal/delivery/http/inventory_handler.go:284.2,287.16 3 0
backend/internal/delivery/http/inventory_handler.go:287.16,290.3 2 0
backend/internal/delivery/http/inventory_handler.go:292.2,293.47 2 0
backend/internal/delivery/http/inventory_handler.go:293.47,296.3 2 0
backend/internal/delivery/http/inventory_handler.go:298.2,299.16 2 0
backend/internal/delivery/http/inventory_handler.go:299.16,302.3 2 0
backend/internal/delivery/http/inventory_handler.go:304.2,304.83 1 0
backend/internal/delivery/http/inventory_handler.go:307.59,309.52 2 0
backend/internal/delivery/http/inventory_handler.go:309.52,312.3 2 0
backend/internal/delivery/http/inventory_handler.go:314.2,315.16 2 0
backend/internal/delivery/http/inventory_handler.go:315.16,318.3 2 0
backend/internal/delivery/http/inventory_handler.go:320.2,320.52 1 0
backend/internal/delivery/http/inventory_handler.go:323.59,325.16 2 0
backend/internal/delivery/http/inventory_handler.go:325.16,328.3 2 0
backend/internal/delivery/http/inventory_handler.go:330.2,333.49 2 0
backend/internal/delivery/http/inventory_handler.go:333.49,336.3 2 0
backend/internal/delivery/http/inventory_handler.go:338.2,339.16 2 0
backend/internal/delivery/http/inventory_handler.go:339.16,342.3 2 0
backend/internal/delivery/http/inventory_handler.go:344.2,344.47 1 0
backend/internal/delivery/http/inventory_handler.go:347.59,349.16 2 0
backend/internal/delivery/http/inventory_handler.go:349.16,352.3 2 0
backend/internal/delivery/http/inventory_handler.go:354.2,354.74 1 0
backend/internal/delivery/http/inventory_handler.go:354.74,357.3 2 0
backend/internal/delivery/http/inventory_handler.go:359.2,359.75 1 0
backend/internal/delivery/http/inventory_handler.go:362.57,364.50 2 0
backend/internal/delivery/http/inventory_handler.go:364.50,367.3 2 0
backend/internal/delivery/http/inventory_handler.go:369.2,370.16 2 0
backend/internal/delivery/http/inventory_handler.go:370.16,373.3 2 0
backend/internal/delivery/http/inventory_handler.go:375.2,375.52 1 0
backend/internal/delivery/http/inventory_handler.go:378.57,380.16 2 0
backend/internal/delivery/http/inventory_handler.go:380.16,383.3 2 0
backend/internal/delivery/http/inventory_handler.go:385.2,388.49 2 0
backend/internal/delivery/http/inventory_handler.go:388.49,391.3 2 0
backend/internal/delivery/http/inventory_handler.go:393.2,394.16 2 0
backend/internal/delivery/http/inventory_handler.go:394.16,397.3 2 0
backend/internal/delivery/http/inventory_handler.go:399.2,399.47 1 0
backend/internal/delivery/http/inventory_handler.go:402.57,404.16 2 0
backend/internal/delivery/http/inventory_handler.go:404.16,407.3 2 0
backend/internal/delivery/http/inventory_handler.go:409.2,409.72 1 0
backend/internal/delivery/http/inventory_handler.go:409.72,412.3 2 0
backend/internal/delivery/http/inventory_handler.go:414.2,414.72 1 0
backend/internal/delivery/http/inventory_handler.go:417.61,419.16 2 0
backend/internal/delivery/http/inventory_handler.go:419.16,422.3 2 0
backend/internal/delivery/http/inventory_handler.go:425.2,439.31 3 0
backend/internal/delivery/http/inventory_handler.go:439.31,441.32 2 0
backend/internal/delivery/http/inventory_handler.go:441.32,443.44 2 0
backend/internal/delivery/http/inventory_handler.go:443.44,445.5 1 0
backend/internal/delivery/http/inventory_handler.go:447.3,455.23 2 0
backend/internal/delivery/http/inventory_handler.go:455.23,458.4 2 0
backend/internal/delivery/http/inventory_handler.go:458.9,460.4 1 0
backend/internal/delivery/http/inventory_handler.go:461.3,461.28 1 0
backend/internal/delivery/http/inventory_handler.go:464.2,464.44 1 0
backend/internal/delivery/http/inventory_handler.go:467.68,468.28 1 0
backend/internal/delivery/http/inventory_handler.go:468.28,470.38 2 0
backend/internal/delivery/http/inventory_handler.go:470.38,472.25 2 0
backend/internal/delivery/http/inventory_handler.go:472.25,474.5 1 0
backend/internal/delivery/http/inventory_handler.go:477.2,477.11 1 0
backend/internal/delivery/http/inventory_handler.go:480.41,482.27 2 0
backend/internal/delivery/http/inventory_handler.go:482.27,483.99 1 0
backend/internal/delivery/http/inventory_handler.go:483.99,485.4 1 0
backend/internal/delivery/http/inventory_handler.go:487.2,488.24 2 0
backend/internal/delivery/http/inventory_handler.go:488.24,490.26 2 0
backend/internal/delivery/http/inventory_handler.go:490.26,492.4 1 0
backend/internal/delivery/http/inventory_handler.go:493.3,493.34 1 0
backend/internal/delivery/http/inventory_handler.go:495.2,495.12 1 0
backend/internal/delivery/http/inventory_handler.go:498.55,500.13 2 0
backend/internal/delivery/http/inventory_handler.go:500.13,503.3 2 0
backend/internal/delivery/http/inventory_handler.go:504.2,507.16 3 0
backend/internal/delivery/http/inventory_handler.go:507.16,510.3 2 0
backend/internal/delivery/http/inventory_handler.go:512.2,513.54 2 0
backend/internal/delivery/http/inventory_handler.go:513.54,516.3 2 0
backend/internal/delivery/http/inventory_handler.go:518.2,519.16 2 0
backend/internal/delivery/http/inventory_handler.go:519.16,522.3 2 0
backend/internal/delivery/http/inventory_handler.go:523.2,527.19 3 0
backend/internal/delivery/http/inventory_handler.go:527.19,532.17 5 0
backend/internal/delivery/http/inventory_handler.go:532.17,535.4 2 0
backend/internal/delivery/http/inventory_handler.go:536.8,539.17 2 0
backend/internal/delivery/http/inventory_handler.go:539.17,542.4 2 0
backend/internal/delivery/http/inventory_handler.go:543.3,546.23 3 0
backend/internal/delivery/http/inventory_handler.go:546.23,549.4 2 0
backend/internal/delivery/http/inventory_handler.go:550.3,551.17 2 0
backend/internal/delivery/http/inventory_handler.go:551.17,554.4 2 0
backend/internal/delivery/http/inventory_handler.go:557.2,557.19 1 0
backend/internal/delivery/http/inventory_handler.go:557.19,560.3 2 0
backend/internal/delivery/http/inventory_handler.go:562.2,568.21 3 0
backend/internal/delivery/http/inventory_handler.go:568.21,571.3 2 0
backend/internal/delivery/http/inventory_handler.go:573.2,578.23 2 0
backend/internal/delivery/http/inventory_handler.go:578.23,581.3 2 0
backend/internal/delivery/http/inventory_handler.go:583.2,586.21 2 0
backend/internal/delivery/http/inventory_handler.go:586.21,589.3 2 0
backend/internal/delivery/http/inventory_handler.go:591.2,597.16 6 0
backend/internal/delivery/http/inventory_handler.go:597.16,600.3 2 0
backend/internal/delivery/http/inventory_handler.go:601.2,603.26 3 0
backend/internal/delivery/http/inventory_handler.go:603.26,606.3 2 0
backend/internal/delivery/http/inventory_handler.go:608.2,609.16 2 0
backend/internal/delivery/http/inventory_handler.go:609.16,612.3 2 0
backend/internal/delivery/http/inventory_handler.go:613.2,615.29 3 0
backend/internal/delivery/http/inventory_handler.go:615.29,618.3 2 0
backend/internal/delivery/http/inventory_handler.go:620.2,621.26 2 0
backend/internal/delivery/http/inventory_handler.go:621.26,622.107 1 0
backend/internal/delivery/http/inventory_handler.go:622.107,624.9 2 0
backend/internal/delivery/http/inventory_handler.go:627.2,627.42 1 0
backend/internal/delivery/http/inventory_handler.go:627.42,629.3 1 0
backend/internal/delivery/http/inventory_handler.go:631.2,632.29 2 0
backend/internal/delivery/http/inventory_handler.go:632.29,633.58 1 0
backend/internal/delivery/http/inventory_handler.go:633.58,635.9 2 0
backend/internal/delivery/http/inventory_handler.go:638.2,638.47 1 0
backend/internal/delivery/http/inventory_handler.go:638.47,640.3 1 0
backend/internal/delivery/http/inventory_handler.go:642.2,642.41 1 0
backend/internal/delivery/http/inventory_handler.go:642.41,644.16 2 0
backend/internal/delivery/http/inventory_handler.go:644.16,646.4 1 0
backend/internal/delivery/http/inventory_handler.go:647.3,647.60 1 0
backend/internal/delivery/http/inventory_handler.go:647.60,648.28 1 0
backend/internal/delivery/http/inventory_handler.go:648.28,650.5 1 0
backend/internal/delivery/http/inventory_handler.go:652.3,652.65 1 0
backend/internal/delivery/http/inventory_handler.go:652.65,654.4 1 0
backend/internal/delivery/http/inventory_handler.go:655.3,655.23 1 0
backend/internal/delivery/http/inventory_handler.go:658.2,658.43 1 0
backend/internal/delivery/http/inventory_handler.go:658.43,660.16 2 0
backend/internal/delivery/http/inventory_handler.go:660.16,662.4 1 0
backend/internal/delivery/http/inventory_handler.go:663.3,663.60 1 0
backend/internal/delivery/http/inventory_handler.go:663.60,664.26 1 0
backend/internal/delivery/http/inventory_handler.go:664.26,666.5 1 0
backend/internal/delivery/http/inventory_handler.go:668.3,668.64 1 0
backend/internal/delivery/http/inventory_handler.go:668.64,670.4 1 0
backend/internal/delivery/http/inventory_handler.go:671.3,671.25 1 0
backend/internal/delivery/http/inventory_handler.go:674.2,677.33 3 0
backend/internal/delivery/http/inventory_handler.go:677.33,679.20 2 0
backend/internal/delivery/http/inventory_handler.go:679.20,680.12 1 0
backend/internal/delivery/http/inventory_handler.go:683.3,684.27 2 0
backend/internal/delivery/http/inventory_handler.go:684.27,686.4 1 0
backend/internal/delivery/http/inventory_handler.go:687.3,687.25 1 0
backend/internal/delivery/http/inventory_handler.go:687.25,688.12 1 0
backend/internal/delivery/http/inventory_handler.go:691.3,692.39 2 0
backend/internal/delivery/http/inventory_handler.go:692.39,694.18 2 0
backend/internal/delivery/http/inventory_handler.go:694.18,697.5 2 0
backend/internal/delivery/http/inventory_handler.go:700.3,701.49 2 0
backend/internal/delivery/http/inventory_handler.go:701.49,703.20 2 0
backend/internal/delivery/http/inventory_handler.go:703.20,705.5 1 0
backend/internal/delivery/http/inventory_handler.go:708.3,709.43 2 0
backend/internal/delivery/http/inventory_handler.go:709.43,711.22 2 0
backend/internal/delivery/http/inventory_handler.go:711.22,713.5 1 0
backend/internal/delivery/http/inventory_handler.go:716.3,717.57 2 0
backend/internal/delivery/http/inventory_handler.go:717.57,719.22 2 0
backend/internal/delivery/http/inventory_handler.go:719.22,723.31 4 0
backend/internal/delivery/http/inventory_handler.go:723.31,725.21 2 0
backend/internal/delivery/http/inventory_handler.go:725.21,726.12 1 0
backend/internal/delivery/http/inventory_handler.go:729.5,729.20 1 0
backend/internal/delivery/http/inventory_handler.go:729.20,731.14 2 0
backend/internal/delivery/http/inventory_handler.go:733.5,733.31 1 0
backend/internal/delivery/http/inventory_handler.go:737.3,738.29 2 0
backend/internal/delivery/http/inventory_handler.go:738.29,740.4 1 0
backend/internal/delivery/http/inventory_handler.go:740.9,742.4 1 0
backend/internal/delivery/http/inventory_handler.go:744.3,745.27 2 0
backend/internal/delivery/http/inventory_handler.go:745.27,747.4 1 0
backend/internal/delivery/http/inventory_handler.go:747.9,749.4 1 0
backend/internal/delivery/http/inventory_handler.go:751.3,760.46 2 0
backend/internal/delivery/http/inventory_handler.go:763.2,763.34 1 0
backend/internal/delivery/http/inventory_handler.go:763.34,772.3 2 0
backend/internal/delivery/http/inventory_handler.go:774.2,775.16 2 0
backend/internal/delivery/http/inventory_handler.go:775.16,778.3 2 0
backend/internal/delivery/http/inventory_handler.go:780.2,787.4 2 0
backend/internal/delivery/http/layanan_handler.go:25.3,35.2 4 0
backend/internal/delivery/http/layanan_handler.go:35.2,41.3 5 0
backend/internal/delivery/http/layanan_handler.go:44.2,46.2 3 0
backend/internal/delivery/http/layanan_handler.go:46.2,52.3 5 0
backend/internal/delivery/http/layanan_handler.go:55.2,57.2 3 0
backend/internal/delivery/http/layanan_handler.go:57.2,66.3 8 0
backend/internal/delivery/http/layanan_handler.go:84.54,86.47 2 0
backend/internal/delivery/http/layanan_handler.go:86.47,89.3 2 0
backend/internal/delivery/http/layanan_handler.go:91.2,97.29 2 0
backend/internal/delivery/http/layanan_handler.go:97.29,99.3 1 0
backend/internal/delivery/http/layanan_handler.go:101.2,102.16 2 0
backend/internal/delivery/http/layanan_handler.go:102.16,105.3 2 0
backend/internal/delivery/http/layanan_handler.go:107.2,107.37 1 0
backend/internal/delivery/http/layanan_handler.go:110.55,112.16 2 0
backend/internal/delivery/http/layanan_handler.go:112.16,115.3 2 0
backend/internal/delivery/http/layanan_handler.go:118.2,119.31 2 0
backend/internal/delivery/http/layanan_handler.go:122.55,125.16 3 0
backend/internal/delivery/http/layanan_handler.go:125.16,128.3 2 0
backend/internal/delivery/http/layanan_handler.go:130.2,130.30 1 0
backend/internal/delivery/http/layanan_handler.go:133.54,136.47 3 0
backend/internal/delivery/http/layanan_handler.go:136.47,139.3 2 0
backend/internal/delivery/http/layanan_handler.go:141.2,142.22 2 0
backend/internal/delivery/http/layanan_handler.go:142.22,144.3 1 0
backend/internal/delivery/http/layanan_handler.go:145.2,145.22 1 0
backend/internal/delivery/http/layanan_handler.go:145.22,147.3 1 0
backend/internal/delivery/http/layanan_handler.go:148.2,148.30 1 0
backend/internal/delivery/http/layanan_handler.go:148.30,150.3 1 0
backend/internal/delivery/http/layanan_handler.go:152.2,153.16 2 0
backend/internal/delivery/http/layanan_handler.go:153.16,156.3 2 0
backend/internal/delivery/http/layanan_handler.go:158.2,158.32 1 0
backend/internal/delivery/http/layanan_handler.go:161.54,163.76 2 0
backend/internal/delivery/http/layanan_handler.go:163.76,166.3 2 0
backend/internal/delivery/http/layanan_handler.go:168.2,168.32 1 0
backend/internal/delivery/http/layanan_handler.go:187.54,189.47 2 0
backend/internal/delivery/http/layanan_handler.go:189.47,192.3 2 0
backend/internal/delivery/http/layanan_handler.go:194.2,202.16 3 0
backend/internal/delivery/http/layanan_handler.go:202.16,205.3 2 0
backend/internal/delivery/http/layanan_handler.go:207.2,207.37 1 0
backend/internal/delivery/http/layanan_handler.go:210.55,212.16 2 0
backend/internal/delivery/http/layanan_handler.go:212.16,215.3 2 0
backend/internal/delivery/http/layanan_handler.go:217.2,217.31 1 0
backend/internal/delivery/http/layanan_handler.go:220.55,222.16 2 0
backend/internal/delivery/http/layanan_handler.go:222.16,225.3 2 0
backend/internal/delivery/http/layanan_handler.go:227.2,228.16 2 0
backend/internal/delivery/http/layanan_handler.go:228.16,231.3 2 0
backend/internal/delivery/http/layanan_handler.go:233.2,233.30 1 0
backend/internal/delivery/http/layanan_handler.go:236.54,238.16 2 0
backend/internal/delivery/http/layanan_handler.go:238.16,241.3 2 0
backend/internal/delivery/http/layanan_handler.go:243.2,244.47 2 0
backend/internal/delivery/http/layanan_handler.go:244.47,247.3 2 0
backend/internal/delivery/http/layanan_handler.go:249.2,250.24 2 0
backend/internal/delivery/http/layanan_handler.go:250.24,252.3 1 0
backend/internal/delivery/http/layanan_handler.go:253.2,253.26 1 0
backend/internal/delivery/http/layanan_handler.go:253.26,255.3 1 0
backend/internal/delivery/http/layanan_handler.go:256.2,256.26 1 0
backend/internal/delivery/http/layanan_handler.go:256.26,258.3 1 0
backend/internal/delivery/http/layanan_handler.go:259.2,259.22 1 0
backend/internal/delivery/http/layanan_handler.go:259.22,261.3 1 0
backend/internal/delivery/http/layanan_handler.go:263.2,264.16 2 0
backend/internal/delivery/http/layanan_handler.go:264.16,267.3 2 0
backend/internal/delivery/http/layanan_handler.go:269.2,269.32 1 0
backend/internal/delivery/http/layanan_handler.go:272.54,274.16 2 0
backend/internal/delivery/http/layanan_handler.go:274.16,277.3 2 0
backend/internal/delivery/http/layanan_handler.go:279.2,279.71 1 0
backend/internal/delivery/http/layanan_handler.go:279.71,282.3 2 0
backend/internal/delivery/http/layanan_handler.go:284.2,284.75 1 0
backend/internal/delivery/http/layanan_handler.go:307.55,309.47 2 0
backend/internal/delivery/http/layanan_handler.go:309.47,312.3 2 0
backend/internal/delivery/http/layanan_handler.go:314.2,321.25 2 0
backend/internal/delivery/http/layanan_handler.go:321.25,323.3 1 0
backend/internal/delivery/http/layanan_handler.go:325.2,325.48 1 0
backend/internal/delivery/http/layanan_handler.go:325.48,326.68 1 0
backend/internal/delivery/http/layanan_handler.go:326.68,328.4 1 0
backend/internal/delivery/http/layanan_handler.go:328.9,331.4 2 0
backend/internal/delivery/http/layanan_handler.go:334.2,334.52 1 0
backend/internal/delivery/http/layanan_handler.go:334.52,335.70 1 0
backend/internal/delivery/http/layanan_handler.go:335.70,337.4 1 0
backend/internal/delivery/http/layanan_handler.go:337.9,340.4 2 0
backend/internal/delivery/http/layanan_handler.go:343.2,344.16 2 0
backend/internal/delivery/http/layanan_handler.go:344.16,347.3 2 0
backend/internal/delivery/http/layanan_handler.go:349.2,349.37 1 0
backend/internal/delivery/http/layanan_handler.go:352.56,358.56 5 0
backend/internal/delivery/http/layanan_handler.go:358.56,360.17 2 0
backend/internal/delivery/http/layanan_handler.go:360.17,362.4 1 0
backend/internal/delivery/http/layanan_handler.go:365.2,366.16 2 0
backend/internal/delivery/http/layanan_handler.go:366.16,369.3 2 0
backend/internal/delivery/http/layanan_handler.go:371.2,376.4 1 0
backend/internal/delivery/http/layanan_handler.go:379.56,381.16 2 0
backend/internal/delivery/http/layanan_handler.go:381.16,384.3 2 0
backend/internal/delivery/http/layanan_handler.go:386.2,387.16 2 0
backend/internal/delivery/http/layanan_handler.go:387.16,390.3 2 0
backend/internal/delivery/http/layanan_handler.go:392.2,392.31 1 0
backend/internal/delivery/http/layanan_handler.go:395.55,397.16 2 0
backend/internal/delivery/http/layanan_handler.go:397.16,400.3 2 0
backend/internal/delivery/http/layanan_handler.go:402.2,403.47 2 0
backend/internal/delivery/http/layanan_handler.go:403.47,406.3 2 0
backend/internal/delivery/http/layanan_handler.go:408.2,409.27 2 0
backend/internal/delivery/http/layanan_handler.go:409.27,411.3 1 0
backend/internal/delivery/http/layanan_handler.go:412.2,412.33 1 0
backend/internal/delivery/http/layanan_handler.go:412.33,414.3 1 0
backend/internal/delivery/http/layanan_handler.go:415.2,415.24 1 0
backend/internal/delivery/http/layanan_handler.go:415.24,417.3 1 0
backend/internal/delivery/http/layanan_handler.go:418.2,418.25 1 0
backend/internal/delivery/http/layanan_handler.go:418.25,420.3 1 0
backend/internal/delivery/http/layanan_handler.go:423.2,423.25 1 0
backend/internal/delivery/http/layanan_handler.go:423.25,424.26 1 0
backend/internal/delivery/http/layanan_handler.go:424.26,426.4 1 0
backend/internal/delivery/http/layanan_handler.go:426.9,427.69 1 0
backend/internal/delivery/http/layanan_handler.go:427.69,429.5 1 0
backend/internal/delivery/http/layanan_handler.go:429.10,432.5 2 0
backend/internal/delivery/http/layanan_handler.go:436.2,436.27 1 0
backend/internal/delivery/http/layanan_handler.go:436.27,437.28 1 0
backend/internal/delivery/http/layanan_handler.go:437.28,439.4 1 0
backend/internal/delivery/http/layanan_handler.go:439.9,440.71 1 0
backend/internal/delivery/http/layanan_handler.go:440.71,442.5 1 0
backend/internal/delivery/http/layanan_handler.go:442.10,445.5 2 0
backend/internal/delivery/http/layanan_handler.go:449.2,450.16 2 0
backend/internal/delivery/http/layanan_handler.go:450.16,453.3 2 0
backend/internal/delivery/http/layanan_handler.go:455.2,455.32 1 0
backend/internal/delivery/http/layanan_handler.go:458.55,460.16 2 0
backend/internal/delivery/http/layanan_handler.go:460.16,463.3 2 0
backend/internal/delivery/http/layanan_handler.go:465.2,465.72 1 0
backend/internal/delivery/http/layanan_handler.go:465.72,468.3 2 0
backend/internal/delivery/http/layanan_handler.go:470.2,470.32 1 0
backend/internal/delivery/http/layanan_handler.go:473.57,475.16 2 0
backend/internal/delivery/http/layanan_handler.go:475.16,478.3 2 0
backend/internal/delivery/http/layanan_handler.go:480.2,481.16 2 0
backend/internal/delivery/http/layanan_handler.go:481.16,484.3 2 0
backend/internal/delivery/http/layanan_handler.go:486.2,486.34 1 0
backend/internal/delivery/http/layanan_handler.go:489.61,494.22 4 0
backend/internal/delivery/http/layanan_handler.go:494.22,495.65 1 0
backend/internal/delivery/http/layanan_handler.go:495.65,497.4 1 0
backend/internal/delivery/http/layanan_handler.go:497.9,500.4 2 0
backend/internal/delivery/http/layanan_handler.go:503.2,504.16 2 0
backend/internal/delivery/http/layanan_handler.go:504.16,507.3 2 0
backend/internal/delivery/http/layanan_handler.go:509.2,509.19 1 0
backend/internal/delivery/http/layanan_handler.go:509.19,512.3 2 0
backend/internal/delivery/http/layanan_handler.go:514.2,514.31 1 0
backend/internal/delivery/http/layanan_handler.go:517.57,519.16 2 0
backend/internal/delivery/http/layanan_handler.go:519.16,522.3 2 0
backend/internal/delivery/http/layanan_handler.go:524.2,524.33 1 0
backend/internal/delivery/http/network_handler.go:16.104,23.2 4 0
backend/internal/delivery/http/network_handler.go:23.2,32.3 8 0
backend/internal/delivery/http/network_handler.go:34.2,36.2 3 0
backend/internal/delivery/http/network_handler.go:36.2,45.3 8 0
backend/internal/delivery/http/network_handler.go:48.52,50.16 2 0
backend/internal/delivery/http/network_handler.go:50.16,53.3 2 0
backend/internal/delivery/http/network_handler.go:56.2,56.25 1 0
backend/internal/delivery/http/network_handler.go:56.25,58.3 1 0
backend/internal/delivery/http/network_handler.go:60.2,60.47 1 0
backend/internal/delivery/http/network_handler.go:63.51,65.16 2 0
backend/internal/delivery/http/network_handler.go:65.16,68.3 2 0
backend/internal/delivery/http/network_handler.go:70.2,71.16 2 0
backend/internal/delivery/http/network_handler.go:71.16,74.3 2 0
backend/internal/delivery/http/network_handler.go:77.2,78.46 2 0
backend/internal/delivery/http/network_handler.go:81.49,83.50 2 0
backend/internal/delivery/http/network_handler.go:83.50,86.3 2 0
backend/internal/delivery/http/network_handler.go:88.2,88.78 1 0
backend/internal/delivery/http/network_handler.go:88.78,91.3 2 0
backend/internal/delivery/http/network_handler.go:93.2,94.51 2 0
backend/internal/delivery/http/network_handler.go:97.50,99.16 2 0
backend/internal/delivery/http/network_handler.go:99.16,102.3 2 0
backend/internal/delivery/http/network_handler.go:104.2,105.50 2 0
backend/internal/delivery/http/network_handler.go:105.50,108.3 2 0
backend/internal/delivery/http/network_handler.go:110.2,110.83 1 0
backend/internal/delivery/http/network_handler.go:110.83,113.3 2 0
backend/internal/delivery/http/network_handler.go:115.2,115.81 1 0
backend/internal/delivery/http/network_handler.go:118.50,120.16 2 0
backend/internal/delivery/http/network_handler.go:120.16,123.3 2 0
backend/internal/delivery/http/network_handler.go:125.2,125.74 1 0
backend/internal/delivery/http/network_handler.go:125.74,128.3 2 0
backend/internal/delivery/http/network_handler.go:130.2,130.81 1 0
backend/internal/delivery/http/network_handler.go:133.58,135.16 2 0
backend/internal/delivery/http/network_handler.go:135.16,138.3 2 0
backend/internal/delivery/http/network_handler.go:140.2,141.16 2 0
backend/internal/delivery/http/network_handler.go:141.16,147.3 2 0
backend/internal/delivery/http/network_handler.go:149.2,152.4 1 0
backend/internal/delivery/http/network_handler.go:159.94,166.2 4 0
backend/internal/delivery/http/network_handler.go:166.2,174.3 7 0
backend/internal/delivery/http/network_handler.go:177.47,179.16 2 0
backend/internal/delivery/http/network_handler.go:179.16,182.3 2 0
backend/internal/delivery/http/network_handler.go:183.2,183.44 1 0
backend/internal/delivery/http/network_handler.go:186.46,188.16 2 0
backend/internal/delivery/http/network_handler.go:188.16,191.3 2 0
backend/internal/delivery/http/network_handler.go:193.2,194.16 2 0
backend/internal/delivery/http/network_handler.go:194.16,197.3 2 0
backend/internal/delivery/http/network_handler.go:198.2,198.43 1 0
backend/internal/delivery/http/network_handler.go:201.44,203.47 2 0
backend/internal/delivery/http/network_handler.go:203.47,206.3 2 0
backend/internal/delivery/http/network_handler.go:208.2,208.70 1 0
backend/internal/delivery/http/network_handler.go:208.70,211.3 2 0
backend/internal/delivery/http/network_handler.go:212.2,212.48 1 0
backend/internal/delivery/http/network_handler.go:215.45,217.16 2 0
backend/internal/delivery/http/network_handler.go:217.16,220.3 2 0
backend/internal/delivery/http/network_handler.go:222.2,223.47 2 0
backend/internal/delivery/http/network_handler.go:223.47,226.3 2 0
backend/internal/delivery/http/network_handler.go:228.2,228.75 1 0
backend/internal/delivery/http/network_handler.go:228.75,231.3 2 0
backend/internal/delivery/http/network_handler.go:232.2,232.69 1 0
backend/internal/delivery/http/network_handler.go:235.45,237.16 2 0
backend/internal/delivery/http/network_handler.go:237.16,240.3 2 0
backend/internal/delivery/http/network_handler.go:242.2,242.69 1 0
backend/internal/delivery/http/network_handler.go:242.69,245.3 2 0
backend/internal/delivery/http/network_handler.go:246.2,246.69 1 0
backend/internal/delivery/http/network_handler.go:249.53,251.16 2 0
backend/internal/delivery/http/network_handler.go:251.16,254.3 2 0
backend/internal/delivery/http/network_handler.go:256.2,257.16 2 0
backend/internal/delivery/http/network_handler.go:257.16,260.3 2 0
backend/internal/delivery/http/network_handler.go:262.2,262.46 1 0
backend/internal/delivery/http/network_handler.go:269.94,276.2 4 0
backend/internal/delivery/http/network_handler.go:276.2,283.3 6 0
backend/internal/delivery/http/network_handler.go:286.47,288.16 2 0
backend/internal/delivery/http/network_handler.go:288.16,291.3 2 0
backend/internal/delivery/http/network_handler.go:292.2,292.44 1 0
backend/internal/delivery/http/network_handler.go:295.46,297.16 2 0
backend/internal/delivery/http/network_handler.go:297.16,300.3 2 0
backend/internal/delivery/http/network_handler.go:302.2,303.16 2 0
backend/internal/delivery/http/network_handler.go:303.16,306.3 2 0
backend/internal/delivery/http/network_handler.go:307.2,307.43 1 0
backend/internal/delivery/http/network_handler.go:310.44,312.47 2 0
backend/internal/delivery/http/network_handler.go:312.47,315.3 2 0
backend/internal/delivery/http/network_handler.go:317.2,317.70 1 0
backend/internal/delivery/http/network_handler.go:317.70,320.3 2 0
backend/internal/delivery/http/network_handler.go:321.2,321.48 1 0
backend/internal/delivery/http/network_handler.go:324.45,326.16 2 0
backend/internal/delivery/http/network_handler.go:326.16,329.3 2 0
backend/internal/delivery/http/network_handler.go:331.2,332.47 2 0
backend/internal/delivery/http/network_handler.go:332.47,335.3 2 0
backend/internal/delivery/http/network_handler.go:337.2,337.75 1 0
backend/internal/delivery/http/network_handler.go:337.75,340.3 2 0
backend/internal/delivery/http/network_handler.go:341.2,341.69 1 0
backend/internal/delivery/http/network_handler.go:344.45,346.16 2 0
backend/internal/delivery/http/network_handler.go:346.16,349.3 2 0
backend/internal/delivery/http/network_handler.go:351.2,351.69 1 0
backend/internal/delivery/http/network_handler.go:351.69,354.3 2 0
backend/internal/delivery/http/network_handler.go:355.2,355.69 1 0
backend/internal/delivery/http/notification_handler.go:14.81,17.2 3 0
backend/internal/delivery/http/notification_handler.go:17.2,21.3 3 0
backend/internal/delivery/http/notification_handler.go:24.32,28.2 1 0
backend/internal/delivery/http/notification_handler.go:30.33,34.2 1 0
backend/internal/delivery/http/notification_handler.go:36.36,40.2 1 0
backend/internal/delivery/http/notification_handler.go:43.38,44.32 1 0
backend/internal/delivery/http/notification_handler.go:44.32,47.3 2 0
backend/internal/delivery/http/notification_handler.go:49.2,50.16 2 0
backend/internal/delivery/http/notification_handler.go:50.16,53.3 2 0
backend/internal/delivery/http/notification_handler.go:55.2,65.22 4 0
backend/internal/delivery/http/pelanggan_handler.go:19.106,27.2 4 0
backend/internal/delivery/http/pelanggan_handler.go:27.2,37.3 9 0
backend/internal/delivery/http/pelanggan_handler.go:40.51,43.16 3 0
backend/internal/delivery/http/pelanggan_handler.go:43.16,46.3 2 0
backend/internal/delivery/http/pelanggan_handler.go:48.2,49.23 2 0
backend/internal/delivery/http/pelanggan_handler.go:49.23,51.3 1 0
backend/internal/delivery/http/pelanggan_handler.go:51.8,53.3 1 0
backend/internal/delivery/http/pelanggan_handler.go:55.2,56.42 2 0
backend/internal/delivery/http/pelanggan_handler.go:59.51,61.16 2 0
backend/internal/delivery/http/pelanggan_handler.go:61.16,64.3 2 0
backend/internal/delivery/http/pelanggan_handler.go:66.2,67.16 2 0
backend/internal/delivery/http/pelanggan_handler.go:67.16,70.3 2 0
backend/internal/delivery/http/pelanggan_handler.go:71.2,74.48 3 0
backend/internal/delivery/http/pelanggan_handler.go:74.48,77.3 2 0
backend/internal/delivery/http/pelanggan_handler.go:79.2,80.16 2 0
backend/internal/delivery/http/pelanggan_handler.go:80.16,87.3 2 0
backend/internal/delivery/http/pelanggan_handler.go:89.2,92.4 1 0
backend/internal/delivery/http/pelanggan_handler.go:95.64,106.2 9 0
backend/internal/delivery/http/pelanggan_handler.go:108.63,110.16 2 0
backend/internal/delivery/http/pelanggan_handler.go:110.16,113.3 2 0
backend/internal/delivery/http/pelanggan_handler.go:115.2,115.34 1 0
backend/internal/delivery/http/pelanggan_handler.go:118.53,123.50 3 0
backend/internal/delivery/http/pelanggan_handler.go:123.50,124.74 1 0
backend/internal/delivery/http/pelanggan_handler.go:124.74,126.4 1 0
backend/internal/delivery/http/pelanggan_handler.go:129.2,132.16 3 0
backend/internal/delivery/http/pelanggan_handler.go:132.16,135.3 2 0
backend/internal/delivery/http/pelanggan_handler.go:137.2,140.4 1 0
backend/internal/delivery/http/pelanggan_handler.go:143.52,145.9 2 0
backend/internal/delivery/http/pelanggan_handler.go:145.9,147.3 1 0
backend/internal/delivery/http/pelanggan_handler.go:149.2,150.16 2 0
backend/internal/delivery/http/pelanggan_handler.go:150.16,153.3 2 0
backend/internal/delivery/http/pelanggan_handler.go:155.2,155.34 1 0
backend/internal/delivery/http/pelanggan_handler.go:158.50,160.53 2 0
backend/internal/delivery/http/pelanggan_handler.go:160.53,163.3 2 0
backend/internal/delivery/http/pelanggan_handler.go:165.2,165.82 1 0
backend/internal/delivery/http/pelanggan_handler.go:165.82,168.3 2 0
backend/internal/delivery/http/pelanggan_handler.go:170.2,170.39 1 0
backend/internal/delivery/http/pelanggan_handler.go:173.51,175.9 2 0
backend/internal/delivery/http/pelanggan_handler.go:175.9,177.3 1 0
backend/internal/delivery/http/pelanggan_handler.go:179.2,180.53 2 0
backend/internal/delivery/http/pelanggan_handler.go:180.53,183.3 2 0
backend/internal/delivery/http/pelanggan_handler.go:185.2,185.87 1 0
backend/internal/delivery/http/pelanggan_handler.go:185.87,188.3 2 0
backend/internal/delivery/http/pelanggan_handler.go:190.2,190.75 1 0
backend/internal/delivery/http/pelanggan_handler.go:193.51,195.9 2 0
backend/internal/delivery/http/pelanggan_handler.go:195.9,197.3 1 0
backend/internal/delivery/http/pelanggan_handler.go:199.2,199.75 1 0
backend/internal/delivery/http/pelanggan_handler.go:199.75,202.3 2 0
backend/internal/delivery/http/pelanggan_handler.go:204.2,204.75 1 0
backend/internal/delivery/http/pelanggan_handler.go:207.67,209.16 2 0
backend/internal/delivery/http/pelanggan_handler.go:209.16,212.3 2 0
backend/internal/delivery/http/pelanggan_handler.go:213.2,213.17 1 0
backend/internal/delivery/http/pelanggan_handler.go:216.67,217.99 1 0
backend/internal/delivery/http/pelanggan_handler.go:217.99,220.3 2 0
backend/internal/delivery/http/pelanggan_handler.go:221.2,221.69 1 0
backend/internal/delivery/http/role_handler.go:29.96,34.2 4 0
backend/internal/delivery/http/role_handler.go:34.2,40.3 5 0
backend/internal/delivery/http/role_handler.go:43.46,45.16 2 0
backend/internal/delivery/http/role_handler.go:45.16,48.3 2 0
backend/internal/delivery/http/role_handler.go:49.2,49.45 1 0
backend/internal/delivery/http/role_handler.go:52.47,54.16 2 0
backend/internal/delivery/http/role_handler.go:54.16,57.3 2 0
backend/internal/delivery/http/role_handler.go:59.2,60.16 2 0
backend/internal/delivery/http/role_handler.go:60.16,63.3 2 0
backend/internal/delivery/http/role_handler.go:65.2,65.44 1 0
backend/internal/delivery/http/role_handler.go:68.46,70.47 2 0
backend/internal/delivery/http/role_handler.go:70.47,73.3 2 0
backend/internal/delivery/http/role_handler.go:75.2,76.16 2 0
backend/internal/delivery/http/role_handler.go:76.16,79.3 2 0
backend/internal/delivery/http/role_handler.go:81.2,81.49 1 0
backend/internal/delivery/http/role_handler.go:84.46,86.16 2 0
backend/internal/delivery/http/role_handler.go:86.16,89.3 2 0
backend/internal/delivery/http/role_handler.go:91.2,92.47 2 0
backend/internal/delivery/http/role_handler.go:92.47,95.3 2 0
backend/internal/delivery/http/role_handler.go:97.2,98.21 2 0
backend/internal/delivery/http/role_handler.go:98.21,100.3 1 0
backend/internal/delivery/http/role_handler.go:102.2,103.16 2 0
backend/internal/delivery/http/role_handler.go:103.16,106.3 2 0
backend/internal/delivery/http/role_handler.go:108.2,108.44 1 0
backend/internal/delivery/http/role_handler.go:111.46,113.16 2 0
backend/internal/delivery/http/role_handler.go:113.16,116.3 2 0
backend/internal/delivery/http/role_handler.go:118.2,118.70 1 0
backend/internal/delivery/http/role_handler.go:118.70,121.3 2 0
backend/internal/delivery/http/role_handler.go:123.2,123.32 1 0
backend/internal/delivery/http/role_handler.go:133.108,138.2 4 0
backend/internal/delivery/http/role_handler.go:138.2,140.3 1 0
backend/internal/delivery/http/role_handler.go:143.52,145.16 2 0
backend/internal/delivery/http/role_handler.go:145.16,148.3 2 0
backend/internal/delivery/http/role_handler.go:149.2,149.51 1 0
backend/internal/delivery/http/system_handler.go:19.132,27.2 4 0
backend/internal/delivery/http/system_handler.go:27.2,47.3 13 0
backend/internal/delivery/http/system_handler.go:50.2,52.2 3 0
backend/internal/delivery/http/system_handler.go:52.2,63.3 10 0
backend/internal/delivery/http/system_handler.go:66.52,69.16 3 0
backend/internal/delivery/http/system_handler.go:69.16,72.3 2 0
backend/internal/delivery/http/system_handler.go:73.2,73.71 1 0
backend/internal/delivery/http/system_handler.go:81.52,83.47 2 0
backend/internal/delivery/http/system_handler.go:83.47,86.3 2 0
backend/internal/delivery/http/system_handler.go:88.2,89.16 2 0
backend/internal/delivery/http/system_handler.go:89.16,92.3 2 0
backend/internal/delivery/http/system_handler.go:94.2,94.71 1 0
backend/internal/delivery/http/system_handler.go:97.50,99.16 2 0
backend/internal/delivery/http/system_handler.go:99.16,102.3 2 0
backend/internal/delivery/http/system_handler.go:103.2,103.42 1 0
backend/internal/delivery/http/system_handler.go:106.51,108.16 2 0
backend/internal/delivery/http/system_handler.go:108.16,111.3 2 0
backend/internal/delivery/http/system_handler.go:113.2,114.16 2 0
backend/internal/delivery/http/system_handler.go:114.16,117.3 2 0
backend/internal/delivery/http/system_handler.go:119.2,119.42 1 0
backend/internal/delivery/http/system_handler.go:122.50,124.46 2 0
backend/internal/delivery/http/system_handler.go:124.46,127.3 2 0
backend/internal/delivery/http/system_handler.go:129.2,129.69 1 0
backend/internal/delivery/http/system_handler.go:129.69,132.3 2 0
backend/internal/delivery/http/system_handler.go:134.2,134.47 1 0
backend/internal/delivery/http/system_handler.go:137.50,139.16 2 0
backend/internal/delivery/http/system_handler.go:139.16,142.3 2 0
backend/internal/delivery/http/system_handler.go:144.2,145.46 2 0
backend/internal/delivery/http/system_handler.go:145.46,148.3 2 0
backend/internal/delivery/http/system_handler.go:150.2,150.73 1 0
backend/internal/delivery/http/system_handler.go:150.73,153.3 2 0
backend/internal/delivery/http/system_handler.go:155.2,155.42 1 0
backend/internal/delivery/http/system_handler.go:158.50,160.16 2 0
backend/internal/delivery/http/system_handler.go:160.16,163.3 2 0
backend/internal/delivery/http/system_handler.go:165.2,165.68 1 0
backend/internal/delivery/http/system_handler.go:165.68,168.3 2 0
backend/internal/delivery/http/system_handler.go:170.2,170.86 1 0
backend/internal/delivery/http/system_handler.go:173.57,179.47 3 0
backend/internal/delivery/http/system_handler.go:179.47,181.15 2 0
backend/internal/delivery/http/system_handler.go:181.15,183.4 1 0
backend/internal/delivery/http/system_handler.go:184.3,185.19 2 0
backend/internal/delivery/http/system_handler.go:185.19,187.4 1 0
backend/internal/delivery/http/system_handler.go:188.3,189.19 2 0
backend/internal/delivery/http/system_handler.go:192.2,198.54 6 0
backend/internal/delivery/http/system_handler.go:198.54,199.66 1 0
backend/internal/delivery/http/system_handler.go:199.66,201.4 1 0
backend/internal/delivery/http/system_handler.go:204.2,215.16 3 0
backend/internal/delivery/http/system_handler.go:215.16,218.3 2 0
backend/internal/delivery/http/system_handler.go:220.2,229.4 1 0
backend/internal/delivery/http/system_handler.go:232.60,235.2 2 0
backend/internal/delivery/http/system_handler.go:241.57,243.47 2 0
backend/internal/delivery/http/system_handler.go:243.47,246.3 2 0
backend/internal/delivery/http/system_handler.go:248.2,249.16 2 0
backend/internal/delivery/http/system_handler.go:249.16,252.3 2 0
backend/internal/delivery/http/system_handler.go:254.2,255.18 2 0
backend/internal/delivery/http/system_handler.go:255.18,257.3 1 0
backend/internal/delivery/http/system_handler.go:259.2,259.87 1 0
backend/internal/delivery/http/system_handler.go:262.58,265.2 2 0
backend/internal/delivery/http/system_handler.go:272.60,275.47 3 0
backend/internal/delivery/http/system_handler.go:275.47,278.3 2 0
backend/internal/delivery/http/system_handler.go:280.2,281.16 2 0
backend/internal/delivery/http/system_handler.go:281.16,284.3 2 0
backend/internal/delivery/http/system_handler.go:286.2,286.79 1 0
backend/internal/delivery/http/system_handler.go:289.57,292.16 3 0
backend/internal/delivery/http/system_handler.go:292.16,295.3 2 0
backend/internal/delivery/http/system_handler.go:297.2,297.110 1 0
backend/internal/delivery/http/trouble_ticket_handler.go:20.114,27.2 4 0
backend/internal/delivery/http/trouble_ticket_handler.go:27.2,61.3 24 0
backend/internal/delivery/http/trouble_ticket_handler.go:64.57,69.47 4 0
backend/internal/delivery/http/trouble_ticket_handler.go:69.47,71.3 1 0
backend/internal/delivery/http/trouble_ticket_handler.go:72.2,72.53 1 0
backend/internal/delivery/http/trouble_ticket_handler.go:72.53,74.3 1 0
backend/internal/delivery/http/trouble_ticket_handler.go:75.2,75.53 1 0
backend/internal/delivery/http/trouble_ticket_handler.go:75.53,77.3 1 0
backend/internal/delivery/http/trouble_ticket_handler.go:78.2,78.47 1 0
backend/internal/delivery/http/trouble_ticket_handler.go:78.47,80.3 1 0
backend/internal/delivery/http/trouble_ticket_handler.go:81.2,81.51 1 0
backend/internal/delivery/http/trouble_ticket_handler.go:81.51,83.3 1 0
backend/internal/delivery/http/trouble_ticket_handler.go:84.2,84.69 1 0
backend/internal/delivery/http/trouble_ticket_handler.go:84.69,85.72 1 0
backend/internal/delivery/http/trouble_ticket_handler.go:85.72,87.4 1 0
backend/internal/delivery/http/trouble_ticket_handler.go:89.2,89.66 1 0
backend/internal/delivery/http/trouble_ticket_handler.go:89.66,90.71 1 0
backend/internal/delivery/http/trouble_ticket_handler.go:90.71,92.4 1 0
backend/internal/delivery/http/trouble_ticket_handler.go:95.2,96.16 2 0
backend/internal/delivery/http/trouble_ticket_handler.go:96.16,99.3 2 0
backend/internal/delivery/http/trouble_ticket_handler.go:101.2,105.4 1 0
backend/internal/delivery/http/trouble_ticket_handler.go:108.56,110.16 2 0
backend/internal/delivery/http/trouble_ticket_handler.go:110.16,113.3 2 0
backend/internal/delivery/http/trouble_ticket_handler.go:115.2,116.16 2 0
backend/internal/delivery/http/trouble_ticket_handler.go:116.16,119.3 2 0
backend/internal/delivery/http/trouble_ticket_handler.go:121.2,121.46 1 0
backend/internal/delivery/http/trouble_ticket_handler.go:124.55,126.13 2 0
backend/internal/delivery/http/trouble_ticket_handler.go:126.13,129.3 2 0
backend/internal/delivery/http/trouble_ticket_handler.go:130.2,133.50 3 0
backend/internal/delivery/http/trouble_ticket_handler.go:133.50,136.3 2 0
backend/internal/delivery/http/trouble_ticket_handler.go:138.2,138.79 1 0
backend/internal/delivery/http/trouble_ticket_handler.go:138.79,141.3 2 0
backend/internal/delivery/http/trouble_ticket_handler.go:143.2,143.51 1 0
backend/internal/delivery/http/trouble_ticket_handler.go:146.55,148.16 2 0
backend/internal/delivery/http/trouble_ticket_handler.go:148.16,151.3 2 0
backend/internal/delivery/http/trouble_ticket_handler.go:153.2,154.13 2 0
backend/internal/delivery/http/trouble_ticket_handler.go:154.13,157.3 2 0
backend/internal/delivery/http/trouble_ticket_handler.go:158.2,161.50 3 0
backend/internal/delivery/http/trouble_ticket_handler.go:161.50,164.3 2 0
backend/internal/delivery/http/trouble_ticket_handler.go:166.2,166.83 1 0
backend/internal/delivery/http/trouble_ticket_handler.go:166.83,169.3 2 0
backend/internal/delivery/http/trouble_ticket_handler.go:171.2,171.46 1 0
backend/internal/delivery/http/trouble_ticket_handler.go:183.61,185.16 2 0
backend/internal/delivery/http/trouble_ticket_handler.go:185.16,188.3 2 0
backend/internal/delivery/http/trouble_ticket_handler.go:190.2,191.13 2 0
backend/internal/delivery/http/trouble_ticket_handler.go:191.13,194.3 2 0
backend/internal/delivery/http/trouble_ticket_handler.go:195.2,198.47 3 0
backend/internal/delivery/http/trouble_ticket_handler.go:198.47,201.3 2 0
backend/internal/delivery/http/trouble_ticket_handler.go:203.2,214.16 2 0
backend/internal/delivery/http/trouble_ticket_handler.go:214.16,217.3 2 0
backend/internal/delivery/http/trouble_ticket_handler.go:219.2,219.79 1 0
backend/internal/delivery/http/trouble_ticket_handler.go:227.63,229.16 2 0
backend/internal/delivery/http/trouble_ticket_handler.go:229.16,232.3 2 0
backend/internal/delivery/http/trouble_ticket_handler.go:234.2,235.13 2 0
backend/internal/delivery/http/trouble_ticket_handler.go:235.13,238.3 2 0
backend/internal/delivery/http/trouble_ticket_handler.go:239.2,242.47 3 0
backend/internal/delivery/http/trouble_ticket_handler.go:242.47,245.3 2 0
backend/internal/delivery/http/trouble_ticket_handler.go:247.2,248.30 2 0
backend/internal/delivery/http/trouble_ticket_handler.go:248.30,250.3 1 0
backend/internal/delivery/http/trouble_ticket_handler.go:251.2,251.28 1 0
backend/internal/delivery/http/trouble_ticket_handler.go:251.28,253.3 1 0
backend/internal/delivery/http/trouble_ticket_handler.go:255.2,255.90 1 0
backend/internal/delivery/http/trouble_ticket_handler.go:255.90,258.3 2 0
backend/internal/delivery/http/trouble_ticket_handler.go:260.2,260.81 1 0
backend/internal/delivery/http/trouble_ticket_handler.go:268.61,270.16 2 0
backend/internal/delivery/http/trouble_ticket_handler.go:270.16,273.3 2 0
backend/internal/delivery/http/trouble_ticket_handler.go:275.2,276.13 2 0
backend/internal/delivery/http/trouble_ticket_handler.go:276.13,279.3 2 0
backend/internal/delivery/http/trouble_ticket_handler.go:280.2,283.47 3 0
backend/internal/delivery/http/trouble_ticket_handler.go:283.47,286.3 2 0
backend/internal/delivery/http/trouble_ticket_handler.go:288.2,288.107 1 0
backend/internal/delivery/http/trouble_ticket_handler.go:288.107,291.3 2 0
backend/internal/delivery/http/trouble_ticket_handler.go:293.2,293.73 1 0
backend/internal/delivery/http/trouble_ticket_handler.go:296.58,298.16 2 0
backend/internal/delivery/http/trouble_ticket_handler.go:298.16,301.3 2 0
backend/internal/delivery/http/trouble_ticket_handler.go:303.2,304.13 2 0
backend/internal/delivery/http/trouble_ticket_handler.go:304.13,307.3 2 0
backend/internal/delivery/http/trouble_ticket_handler.go:308.2,311.50 3 0
backend/internal/delivery/http/trouble_ticket_handler.go:311.50,314.3 2 0
backend/internal/delivery/http/trouble_ticket_handler.go:316.2,316.86 1 0
backend/internal/delivery/http/trouble_ticket_handler.go:316.86,319.3 2 0
backend/internal/delivery/http/trouble_ticket_handler.go:321.2,321.51 1 0
backend/internal/delivery/http/trouble_ticket_handler.go:324.59,326.16 2 0
backend/internal/delivery/http/trouble_ticket_handler.go:326.16,329.3 2 0
backend/internal/delivery/http/trouble_ticket_handler.go:331.2,332.16 2 0
backend/internal/delivery/http/trouble_ticket_handler.go:332.16,335.3 2 0
backend/internal/delivery/http/trouble_ticket_handler.go:337.2,337.47 1 0
backend/internal/delivery/http/trouble_ticket_handler.go:340.59,342.16 2 0
backend/internal/delivery/http/trouble_ticket_handler.go:342.16,345.3 2 0
backend/internal/delivery/http/trouble_ticket_handler.go:347.2,348.16 2 0
backend/internal/delivery/http/trouble_ticket_handler.go:348.16,351.3 2 0
backend/internal/delivery/http/trouble_ticket_handler.go:353.2,353.47 1 0
backend/internal/delivery/http/trouble_ticket_handler.go:356.55,358.16 2 0
backend/internal/delivery/http/trouble_ticket_handler.go:358.16,361.3 2 0
backend/internal/delivery/http/trouble_ticket_handler.go:363.2,364.13 2 0
backend/internal/delivery/http/trouble_ticket_handler.go:364.13,367.3 2 0
backend/internal/delivery/http/trouble_ticket_handler.go:368.2,370.74 2 0
backend/internal/delivery/http/trouble_ticket_handler.go:370.74,373.3 2 0
backend/internal/delivery/http/trouble_ticket_handler.go:375.2,375.72 1 0
backend/internal/delivery/http/trouble_ticket_handler.go:378.62,380.16 2 0
backend/internal/delivery/http/trouble_ticket_handler.go:380.16,383.3 2 0
backend/internal/delivery/http/trouble_ticket_handler.go:385.2,385.30 1 0
backend/internal/delivery/http/trouble_ticket_handler.go:388.50,389.13 1 0
backend/internal/delivery/http/trouble_ticket_handler.go:389.13,391.3 1 0
backend/internal/delivery/http/trouble_ticket_handler.go:392.2,393.16 2 0
backend/internal/delivery/http/trouble_ticket_handler.go:393.16,395.3 1 0
backend/internal/delivery/http/trouble_ticket_handler.go:396.2,397.16 2 0
backend/internal/delivery/http/trouble_ticket_handler.go:397.16,399.3 1 0
backend/internal/delivery/http/trouble_ticket_handler.go:400.2,401.16 2 0
backend/internal/delivery/http/trouble_ticket_handler.go:401.16,403.3 1 0
backend/internal/delivery/http/trouble_ticket_handler.go:404.2,404.17 1 0
backend/internal/delivery/http/trouble_ticket_handler.go:407.63,409.16 2 0
backend/internal/delivery/http/trouble_ticket_handler.go:409.16,412.3 2 0
backend/internal/delivery/http/trouble_ticket_handler.go:414.2,415.15 2 0
backend/internal/delivery/http/trouble_ticket_handler.go:415.15,418.3 2 0
backend/internal/delivery/http/trouble_ticket_handler.go:420.2,422.54 3 0
backend/internal/delivery/http/trouble_ticket_handler.go:422.54,425.3 2 0
backend/internal/delivery/http/trouble_ticket_handler.go:427.2,428.59 2 0
backend/internal/delivery/http/trouble_ticket_handler.go:428.59,431.3 2 0
backend/internal/delivery/http/trouble_ticket_handler.go:433.2,435.16 3 0
backend/internal/delivery/http/trouble_ticket_handler.go:435.16,437.3 1 0
backend/internal/delivery/http/trouble_ticket_handler.go:439.2,447.4 3 0
backend/internal/delivery/http/trouble_ticket_handler.go:450.65,452.16 2 0
backend/internal/delivery/http/trouble_ticket_handler.go:452.16,454.3 1 0
backend/internal/delivery/http/trouble_ticket_handler.go:456.2,457.16 2 0
backend/internal/delivery/http/trouble_ticket_handler.go:457.16,460.3 2 0
backend/internal/delivery/http/trouble_ticket_handler.go:462.2,462.48 1 0
backend/internal/delivery/http/trouble_ticket_handler.go:465.71,470.16 4 0
backend/internal/delivery/http/trouble_ticket_handler.go:470.16,473.3 2 0
backend/internal/delivery/http/trouble_ticket_handler.go:475.2,476.16 2 0
backend/internal/delivery/http/trouble_ticket_handler.go:476.16,479.3 2 0
backend/internal/delivery/http/trouble_ticket_handler.go:481.2,482.16 2 0
backend/internal/delivery/http/trouble_ticket_handler.go:482.16,485.3 2 0
backend/internal/delivery/http/trouble_ticket_handler.go:487.2,487.58 1 0
backend/internal/delivery/http/trouble_ticket_handler.go:490.67,495.16 4 0
backend/internal/delivery/http/trouble_ticket_handler.go:495.16,498.3 2 0
backend/internal/delivery/http/trouble_ticket_handler.go:500.2,501.16 2 0
backend/internal/delivery/http/trouble_ticket_handler.go:501.16,504.3 2 0
backend/internal/delivery/http/trouble_ticket_handler.go:506.2,507.16 2 0
backend/internal/delivery/http/trouble_ticket_handler.go:507.16,510.3 2 0
backend/internal/delivery/http/trouble_ticket_handler.go:512.2,512.58 1 0
backend/internal/delivery/http/trouble_ticket_handler.go:515.68,520.16 4 0
backend/internal/delivery/http/trouble_ticket_handler.go:520.16,523.3 2 0
backend/internal/delivery/http/trouble_ticket_handler.go:525.2,526.16 2 0
backend/internal/delivery/http/trouble_ticket_handler.go:526.16,529.3 2 0
backend/internal/delivery/http/trouble_ticket_handler.go:531.2,532.16 2 0
backend/internal/delivery/http/trouble_ticket_handler.go:532.16,535.3 2 0
backend/internal/delivery/http/trouble_ticket_handler.go:537.2,537.33 1 0
backend/internal/delivery/http/user_handler.go:19.96,24.2 3 0
backend/internal/delivery/http/user_handler.go:24.2,29.3 4 0
backend/internal/delivery/http/user_handler.go:32.2,34.2 3 0
backend/internal/delivery/http/user_handler.go:34.2,36.3 1 0
backend/internal/delivery/http/user_handler.go:39.2,41.2 3 0
backend/internal/delivery/http/user_handler.go:41.2,48.3 6 0
backend/internal/delivery/http/user_handler.go:51.2,52.56 2 0
backend/internal/delivery/http/user_handler.go:96.45,101.43 4 0
backend/internal/delivery/http/user_handler.go:101.43,105.3 3 0
backend/internal/delivery/http/user_handler.go:107.2,110.17 3 0
backend/internal/delivery/http/user_handler.go:110.17,112.3 1 0
backend/internal/delivery/http/user_handler.go:114.2,114.17 1 0
backend/internal/delivery/http/user_handler.go:114.17,118.3 3 0
backend/internal/delivery/http/user_handler.go:120.2,121.16 2 0
backend/internal/delivery/http/user_handler.go:121.16,128.3 3 0
backend/internal/delivery/http/user_handler.go:130.2,141.4 1 0
backend/internal/delivery/http/user_handler.go:145.52,147.47 2 0
backend/internal/delivery/http/user_handler.go:147.47,150.3 2 0
backend/internal/delivery/http/user_handler.go:152.2,153.16 2 0
backend/internal/delivery/http/user_handler.go:153.16,156.3 2 0
backend/internal/delivery/http/user_handler.go:158.2,163.4 1 0
backend/internal/delivery/http/user_handler.go:167.46,169.47 2 0
backend/internal/delivery/http/user_handler.go:169.47,172.3 2 0
backend/internal/delivery/http/user_handler.go:174.2,174.84 1 0
backend/internal/delivery/http/user_handler.go:174.84,177.3 2 0
backend/internal/delivery/http/user_handler.go:179.2,179.60 1 0
backend/internal/delivery/http/user_handler.go:183.49,185.13 2 0
backend/internal/delivery/http/user_handler.go:185.13,188.3 2 0
backend/internal/delivery/http/user_handler.go:190.2,192.77 2 0
backend/internal/delivery/http/user_handler.go:192.77,195.3 2 0
backend/internal/delivery/http/user_handler.go:197.2,197.81 1 0
backend/internal/delivery/http/user_handler.go:201.63,206.2 1 0
backend/internal/delivery/http/user_handler.go:211.50,213.13 2 0
backend/internal/delivery/http/user_handler.go:213.13,216.3 2 0
backend/internal/delivery/http/user_handler.go:218.2,221.16 3 0
backend/internal/delivery/http/user_handler.go:221.16,224.3 2 0
backend/internal/delivery/http/user_handler.go:226.2,226.29 1 0
backend/internal/delivery/http/user_handler.go:230.46,236.42 5 0
backend/internal/delivery/http/user_handler.go:236.42,238.17 2 0
backend/internal/delivery/http/user_handler.go:238.17,240.4 1 0
backend/internal/delivery/http/user_handler.go:243.2,244.16 2 0
backend/internal/delivery/http/user_handler.go:244.16,247.3 2 0
backend/internal/delivery/http/user_handler.go:249.2,252.4 1 0
backend/internal/delivery/http/user_handler.go:256.47,258.16 2 0
backend/internal/delivery/http/user_handler.go:258.16,261.3 2 0
backend/internal/delivery/http/user_handler.go:263.2,264.16 2 0
backend/internal/delivery/http/user_handler.go:264.16,267.3 2 0
backend/internal/delivery/http/user_handler.go:269.2,269.44 1 0
backend/internal/delivery/http/user_handler.go:273.50,275.47 2 0
backend/internal/delivery/http/user_handler.go:275.47,278.3 2 0
backend/internal/delivery/http/user_handler.go:280.2,286.25 2 0
backend/internal/delivery/http/user_handler.go:286.25,288.3 1 0
backend/internal/delivery/http/user_handler.go:290.2,291.16 2 0
backend/internal/delivery/http/user_handler.go:291.16,294.3 2 0
backend/internal/delivery/http/user_handler.go:296.2,296.52 1 0
backend/internal/delivery/http/user_handler.go:300.50,302.16 2 0
backend/internal/delivery/http/user_handler.go:302.16,305.3 2 0
backend/internal/delivery/http/user_handler.go:307.2,308.47 2 0
backend/internal/delivery/http/user_handler.go:308.47,311.3 2 0
backend/internal/delivery/http/user_handler.go:313.2,314.21 2 0
backend/internal/delivery/http/user_handler.go:314.21,316.3 1 0
backend/internal/delivery/http/user_handler.go:317.2,317.22 1 0
backend/internal/delivery/http/user_handler.go:317.22,319.3 1 0
backend/internal/delivery/http/user_handler.go:320.2,320.25 1 0
backend/internal/delivery/http/user_handler.go:320.25,322.3 1 0
backend/internal/delivery/http/user_handler.go:323.2,323.23 1 0
backend/internal/delivery/http/user_handler.go:323.23,325.3 1 0
backend/internal/delivery/http/user_handler.go:326.2,326.25 1 0
backend/internal/delivery/http/user_handler.go:326.25,328.3 1 0
backend/internal/delivery/http/user_handler.go:330.2,331.16 2 0
backend/internal/delivery/http/user_handler.go:331.16,334.3 2 0
backend/internal/delivery/http/user_handler.go:336.2,336.47 1 0
backend/internal/delivery/http/user_handler.go:340.50,342.16 2 0
backend/internal/delivery/http/user_handler.go:342.16,345.3 2 0
backend/internal/delivery/http/user_handler.go:347.2,347.74 1 0
backend/internal/delivery/http/user_handler.go:347.74,350.3 2 0
backend/internal/delivery/http/user_handler.go:352.2,352.32 1 0
backend/internal/delivery/http/user_handler.go:358.54,360.47 2 0
backend/internal/delivery/http/user_handler.go:360.47,363.3 2 0
backend/internal/delivery/http/user_handler.go:365.2,366.16 2 0
backend/internal/delivery/http/user_handler.go:366.16,369.3 2 0
backend/internal/delivery/http/user_handler.go:371.2,374.4 1 0
backend/internal/delivery/http/user_handler.go:378.53,380.47 2 0
backend/internal/delivery/http/user_handler.go:380.47,383.3 2 0
[...]
backend/internal/scheduler/manager.go:193.39,194.55 1 0
backend/internal/scheduler/manager.go:199.75,204.34 4 0
backend/internal/scheduler/manager.go:204.34,209.24 4 0
backend/internal/scheduler/manager.go:209.24,211.4 1 0
backend/internal/scheduler/manager.go:212.3,216.62 4 0
backend/internal/scheduler/manager.go:216.62,219.4 2 0
backend/internal/scheduler/manager.go:221.3,230.5 1 0
backend/internal/scheduler/manager.go:232.2,232.17 1 0
backend/internal/scheduler/manager.go:235.101,240.13 4 0
backend/internal/scheduler/manager.go:240.13,242.3 1 0
backend/internal/scheduler/manager.go:244.2,244.13 1 0
backend/internal/scheduler/manager.go:244.13,245.57 1 0
backend/internal/scheduler/manager.go:245.57,247.4 1 0
backend/internal/scheduler/manager.go:250.2,254.14 4 0
backend/internal/scheduler/manager.go:254.14,256.3 1 0
backend/internal/scheduler/manager.go:258.2,258.79 1 0
backend/internal/scheduler/manager.go:258.79,260.3 1 0
backend/internal/scheduler/manager.go:261.2,261.80 1 0
backend/internal/scheduler/manager.go:261.80,263.3 1 0
backend/internal/scheduler/manager.go:265.2,267.12 2 0
backend/internal/scheduler/manager.go:270.77,275.13 4 0
backend/internal/scheduler/manager.go:275.13,277.3 1 0
backend/internal/scheduler/manager.go:279.2,283.15 4 0
backend/internal/scheduler/manager.go:283.15,285.3 1 0
backend/internal/scheduler/manager.go:287.2,289.12 2 0
backend/internal/scheduler/manager.go:292.82,294.14 2 0
backend/internal/scheduler/manager.go:294.14,296.3 1 0
backend/internal/scheduler/manager.go:298.2,298.96 1 0
backend/internal/scheduler/manager.go:298.96,300.3 1 0
backend/internal/scheduler/manager.go:302.2,303.12 2 0
backend/internal/scheduler/manager.go:306.70,309.2 2 0
backend/pkg/utils/encryption.go:18.49,19.18 1 0
backend/pkg/utils/encryption.go:19.18,21.3 1 0
backend/pkg/utils/encryption.go:23.2,24.16 2 0
backend/pkg/utils/encryption.go:24.16,26.3 1 0
backend/pkg/utils/encryption.go:28.2,31.12 2 0
backend/pkg/utils/encryption.go:35.60,37.2 1 0
backend/pkg/utils/encryption.go:40.71,41.49 1 0
backend/pkg/utils/encryption.go:41.49,43.3 1 0
backend/pkg/utils/encryption.go:45.2,45.22 1 0
backend/pkg/utils/encryption.go:45.22,47.3 1 0
backend/pkg/utils/encryption.go:49.2,50.16 2 0
backend/pkg/utils/encryption.go:50.16,52.3 1 0
backend/pkg/utils/encryption.go:54.2,54.25 1 0
backend/pkg/utils/encryption.go:58.63,59.52 1 0
backend/pkg/utils/encryption.go:59.52,61.3 1 0
backend/pkg/utils/encryption.go:63.2,63.22 1 0
backend/pkg/utils/encryption.go:63.22,66.3 2 0
backend/pkg/utils/encryption.go:69.2,70.22 2 0
backend/pkg/utils/encryption.go:70.22,73.3 2 0
backend/pkg/utils/encryption.go:75.2,75.26 1 0
backend/pkg/utils/encryption.go:80.39,81.36 1 0
backend/pkg/utils/encryption.go:81.36,83.3 1 0
backend/pkg/utils/encryption.go:84.2,85.16 2 0
backend/pkg/utils/encryption.go:85.16,88.3 2 0
backend/pkg/utils/encryption.go:89.2,89.12 1 0
backend/pkg/utils/encryption.go:92.40,93.36 1 0
backend/pkg/utils/encryption.go:93.36,95.3 1 0
backend/pkg/utils/encryption.go:96.2,96.52 1 0
backend/pkg/utils/invoice_utils.go:18.88,22.30 4 0
backend/pkg/utils/invoice_utils.go:22.30,23.40 1 0
backend/pkg/utils/invoice_utils.go:23.40,25.9 2 0
backend/pkg/utils/invoice_utils.go:29.2,29.51 1 0
backend/pkg/utils/invoice_utils.go:29.51,32.44 3 0
backend/pkg/utils/invoice_utils.go:32.44,34.4 1 0
backend/pkg/utils/invoice_utils.go:35.3,35.59 1 0
backend/pkg/utils/invoice_utils.go:38.2,40.29 3 0
backend/pkg/utils/invoice_utils.go:40.29,42.3 1 0
backend/pkg/utils/invoice_utils.go:43.2,43.18 1 0
backend/pkg/utils/invoice_utils.go:47.51,49.19 2 0
backend/pkg/utils/invoice_utils.go:49.19,51.3 1 0
backend/pkg/utils/invoice_utils.go:54.2,55.28 2 0
backend/pkg/utils/invoice_utils.go:55.28,56.27 1 0
backend/pkg/utils/invoice_utils.go:56.27,58.4 1 0
backend/pkg/utils/invoice_utils.go:60.2,62.18 2 0
backend/pkg/utils/invoice_utils.go:62.18,64.3 1 0
backend/pkg/utils/invoice_utils.go:67.2,67.56 1 0
backend/pkg/utils/invoice_utils.go:67.56,69.3 1 0
backend/pkg/utils/invoice_utils.go:72.2,72.36 1 0
backend/pkg/utils/invoice_utils.go:72.36,74.3 1 0
backend/pkg/utils/invoice_utils.go:77.2,77.23 1 0
backend/pkg/utils/invoice_utils.go:81.49,83.19 2 0
backend/pkg/utils/invoice_utils.go:83.19,85.3 1 0
backend/pkg/utils/invoice_utils.go:87.2,88.28 2 0
backend/pkg/utils/invoice_utils.go:88.28,89.27 1 0
backend/pkg/utils/invoice_utils.go:89.27,91.4 1 0
backend/pkg/utils/invoice_utils.go:93.2,95.18 2 0
backend/pkg/utils/invoice_utils.go:95.18,97.3 1 0
backend/pkg/utils/invoice_utils.go:99.2,99.56 1 0
backend/pkg/utils/invoice_utils.go:99.56,101.3 1 0
backend/pkg/utils/invoice_utils.go:103.2,103.36 1 0
backend/pkg/utils/invoice_utils.go:103.36,105.3 1 0
backend/pkg/utils/invoice_utils.go:107.2,107.22 1 0
backend/pkg/utils/jwt.go:28.89,44.16 5 0
backend/pkg/utils/jwt.go:44.16,46.3 1 0
backend/pkg/utils/jwt.go:48.2,48.25 1 0
backend/pkg/utils/jwt.go:52.103,68.16 5 0
backend/pkg/utils/jwt.go:68.16,70.3 1 0
backend/pkg/utils/jwt.go:72.2,72.41 1 0
backend/pkg/utils/jwt.go:76.78,79.101 2 0
backend/pkg/utils/jwt.go:79.101,81.3 1 0
backend/pkg/utils/jwt.go:83.2,83.16 1 0
backend/pkg/utils/jwt.go:83.16,85.3 1 0
backend/pkg/utils/jwt.go:87.2,87.18 1 0
backend/pkg/utils/jwt.go:87.18,89.3 1 0
backend/pkg/utils/jwt.go:91.2,91.20 1 0
backend/pkg/utils/jwt.go:95.91,98.101 2 0
backend/pkg/utils/jwt.go:98.101,100.3 1 0
backend/pkg/utils/jwt.go:102.2,102.16 1 0
backend/pkg/utils/jwt.go:102.16,104.3 1 0
backend/pkg/utils/jwt.go:106.2,106.18 1 0
backend/pkg/utils/jwt.go:106.18,108.3 1 0
backend/pkg/utils/jwt.go:110.2,110.30 1 0
backend/pkg/utils/jwt.go:110.30,112.3 1 0
backend/pkg/utils/jwt.go:114.2,114.20 1 0
backend/pkg/utils/password.go:19.57,28.2 1 0
backend/pkg/utils/password.go:32.65,36.35 3 0
backend/pkg/utils/password.go:36.35,38.3 1 0
backend/pkg/utils/password.go:40.2,40.26 1 0
backend/pkg/utils/password.go:40.26,42.30 2 0
backend/pkg/utils/password.go:42.30,43.26 1 0
backend/pkg/utils/password.go:43.26,45.10 2 0
backend/pkg/utils/password.go:48.3,48.16 1 0
backend/pkg/utils/password.go:48.16,50.4 1 0
backend/pkg/utils/password.go:53.2,53.26 1 0
backend/pkg/utils/password.go:53.26,55.30 2 0
backend/pkg/utils/password.go:55.30,56.26 1 0
backend/pkg/utils/password.go:56.26,58.10 2 0
backend/pkg/utils/password.go:61.3,61.16 1 0
backend/pkg/utils/password.go:61.16,63.4 1 0
backend/pkg/utils/password.go:66.2,66.22 1 0
backend/pkg/utils/password.go:66.22,68.30 2 0
backend/pkg/utils/password.go:68.30,69.26 1 0
backend/pkg/utils/password.go:69.26,71.10 2 0
backend/pkg/utils/password.go:74.3,74.16 1 0
backend/pkg/utils/password.go:74.16,76.4 1 0
backend/pkg/utils/password.go:79.2,79.24 1 0
backend/pkg/utils/password.go:79.24,81.30 2 0
backend/pkg/utils/password.go:81.30,82.49 1 0
backend/pkg/utils/password.go:82.49,84.10 2 0
backend/pkg/utils/password.go:87.3,87.18 1 0
backend/pkg/utils/password.go:87.18,89.4 1 0
backend/pkg/utils/password.go:92.2,92.66 1 0
backend/pkg/utils/password.go:92.66,94.3 1 0
backend/pkg/utils/password.go:96.2,96.29 1 0
backend/pkg/utils/whatsapp.go:24.76,25.37 1 0
backend/pkg/utils/whatsapp.go:25.37,27.3 1 0
backend/pkg/utils/whatsapp.go:29.2,38.16 4 0
backend/pkg/utils/whatsapp.go:38.16,40.3 1 0
backend/pkg/utils/whatsapp.go:42.2,44.16 3 0
backend/pkg/utils/whatsapp.go:44.16,46.3 1 0
backend/pkg/utils/whatsapp.go:47.2,49.38 2 0
backend/pkg/utils/whatsapp.go:49.38,51.3 1 0
backend/pkg/utils/whatsapp.go:53.2,54.67 2 0
backend/pkg/utils/whatsapp.go:54.67,56.3 1 0
backend/pkg/utils/whatsapp.go:58.2,58.32 1 0
backend/pkg/utils/whatsapp.go:58.32,60.3 1 0
backend/pkg/utils/whatsapp.go:62.2,62.12 1 0
backend/internal/websocket/hub.go:30.42,32.3 1 0
backend/internal/websocket/hub.go:37.20,44.2 1 0
backend/internal/websocket/hub.go:46.21,48.6 2 0
backend/internal/websocket/hub.go:48.6,49.10 1 0
backend/internal/websocket/hub.go:50.31,54.65 4 0
backend/internal/websocket/hub.go:55.33,57.38 2 0
backend/internal/websocket/hub.go:57.38,60.5 2 0
backend/internal/websocket/hub.go:61.4,62.54 2 0
backend/internal/websocket/hub.go:63.33,65.34 2 0
backend/internal/websocket/hub.go:65.34,66.12 1 0
backend/internal/websocket/hub.go:67.33,67.33 0 0
backend/internal/websocket/hub.go:68.13,74.18 6 0
backend/internal/websocket/hub.go:77.4,77.18 1 0
backend/internal/websocket/hub.go:82.84,89.16 3 0
backend/internal/websocket/hub.go:89.16,92.3 2 0
backend/internal/websocket/hub.go:93.2,93.22 1 0
backend/internal/websocket/hub.go:96.29,97.15 1 0
backend/internal/websocket/hub.go:97.15,100.3 2 0
backend/internal/websocket/hub.go:101.2,103.6 2 0
backend/internal/websocket/hub.go:103.6,105.17 2 0
backend/internal/websocket/hub.go:105.17,106.103 1 0
backend/internal/websocket/hub.go:106.103,108.5 1 0
backend/internal/websocket/hub.go:109.4,109.9 1 0
backend/internal/websocket/hub.go:112.3,112.32 1 0
backend/internal/websocket/hub.go:112.32,114.4 1 0
backend/internal/websocket/hub.go:118.30,119.15 1 0
backend/internal/websocket/hub.go:119.15,121.3 1 0
backend/internal/websocket/hub.go:122.2,122.6 1 0
backend/internal/websocket/hub.go:122.6,124.10 2 0
backend/internal/websocket/hub.go:124.10,128.4 2 0
backend/internal/websocket/hub.go:130.3,131.17 2 0
backend/internal/websocket/hub.go:131.17,134.4 2 0
backend/pkg/database/database.go:21.53,24.17 1 0
backend/pkg/database/database.go:24.17,26.3 1 0
backend/pkg/database/database.go:28.2,29.41 2 0
backend/pkg/database/database.go:29.41,32.43 2 0
backend/pkg/database/database.go:32.43,34.4 1 0
backend/pkg/database/database.go:35.8,38.3 1 0
backend/pkg/database/database.go:40.2,41.16 2 0
backend/pkg/database/database.go:41.16,43.3 1 0
backend/pkg/database/database.go:45.2,48.16 4 0
backend/pkg/database/database.go:48.16,50.3 1 0
backend/pkg/database/database.go:53.2,53.34 1 0
backend/pkg/database/database.go:53.34,55.3 1 0
backend/pkg/database/database.go:57.2,61.17 3 0
backend/pkg/database/database.go:65.57,67.16 2 0
backend/pkg/database/database.go:67.16,69.3 1 0
backend/pkg/database/database.go:71.2,72.38 2 0
backend/pkg/database/database.go:72.38,74.3 1 0
backend/pkg/database/database.go:76.2,87.25 4 0
backend/pkg/database/database.go:87.25,89.17 2 0
backend/pkg/database/database.go:89.17,90.9 1 0
backend/pkg/database/database.go:92.3,94.30 3 0
backend/pkg/database/database.go:97.2,97.33 1 0
backend/pkg/database/database.go:97.33,99.3 1 0
backend/pkg/database/database.go:101.2,102.16 2 0
backend/pkg/database/database.go:102.16,104.3 1 0
backend/pkg/database/database.go:107.2,110.37 3 0
backend/pkg/database/database.go:110.37,114.3 3 0
backend/pkg/database/database.go:114.8,118.3 3 0
backend/pkg/database/database.go:120.2,127.16 6 0
backend/pkg/database/database.go:131.23,133.2 1 0
backend/pkg/database/database.go:136.45,137.15 1 0
backend/pkg/database/database.go:137.15,139.3 1 0
backend/pkg/database/database.go:140.2,141.16 2 0
backend/pkg/database/database.go:141.16,143.3 1 0
backend/pkg/database/database.go:144.2,144.31 1 0
backend/pkg/database/seeder.go:15.30,16.48 1 0
backend/pkg/database/seeder.go:16.48,45.30 4 0
backend/pkg/database/seeder.go:45.30,49.35 4 0
backend/pkg/database/seeder.go:49.35,51.5 1 0
backend/pkg/database/seeder.go:55.3,75.34 2 0
backend/pkg/database/seeder.go:75.34,77.4 1 0
backend/pkg/database/seeder.go:80.3,85.36 2 0
backend/pkg/database/seeder.go:85.36,86.35 1 0
backend/pkg/database/seeder.go:86.35,88.5 1 0
backend/pkg/database/seeder.go:92.3,97.37 4 0
backend/pkg/database/seeder.go:97.37,100.18 3 0
backend/pkg/database/seeder.go:100.18,101.38 1 0
backend/pkg/database/seeder.go:101.38,103.51 2 0
backend/pkg/database/seeder.go:103.51,105.7 1 0
backend/pkg/database/seeder.go:106.11,108.6 1 0
backend/pkg/database/seeder.go:110.4,110.47 1 0
backend/pkg/database/seeder.go:114.3,116.17 3 0
backend/pkg/database/seeder.go:116.17,117.37 1 0
backend/pkg/database/seeder.go:117.37,122.60 2 0
backend/pkg/database/seeder.go:122.60,124.6 1 0
backend/pkg/database/seeder.go:125.10,127.5 1 0
backend/pkg/database/seeder.go:128.9,130.102 1 0
backend/pkg/database/seeder.go:130.102,132.5 1 0
backend/pkg/database/seeder.go:136.3,138.17 3 0
backend/pkg/database/seeder.go:138.17,139.37 1 0
backend/pkg/database/seeder.go:139.37,141.19 2 0
backend/pkg/database/seeder.go:141.19,143.6 1 0
backend/pkg/database/seeder.go:145.5,156.60 3 0
backend/pkg/database/seeder.go:156.60,158.6 1 0
backend/pkg/database/seeder.go:159.5,159.107 1 0
backend/pkg/database/seeder.go:160.10,162.5 1 0
backend/pkg/database/seeder.go:165.3,166.34 2 0
backend/pkg/database/seeder.go:166.34,169.18 3 0
backend/pkg/database/seeder.go:169.18,170.38 1 0
backend/pkg/database/seeder.go:170.38,172.53 2 0
backend/pkg/database/seeder.go:172.53,174.7 1 0
backend/pkg/database/seeder.go:175.11,177.6 1 0
backend/pkg/database/seeder.go:182.3,183.35 2 0
backend/pkg/database/seeder.go:183.35,186.18 3 0
backend/pkg/database/seeder.go:186.18,187.38 1 0
backend/pkg/database/seeder.go:187.38,189.55 2 0
backend/pkg/database/seeder.go:189.55,191.7 1 0
backend/pkg/database/seeder.go:192.11,194.6 1 0
backend/pkg/database/seeder.go:198.3,198.13 1 0
backend/pkg/mikrotik/pool.go:70.112,81.2 1 0
backend/pkg/mikrotik/pool.go:86.75,88.2 1 0
backend/pkg/mikrotik/pool.go:90.129,92.13 2 0
backend/pkg/mikrotik/pool.go:92.13,105.3 2 0
backend/pkg/mikrotik/pool.go:106.2,106.11 1 0
backend/pkg/mikrotik/pool.go:109.75,111.43 2 0
backend/pkg/mikrotik/pool.go:111.43,113.3 1 0
backend/pkg/mikrotik/pool.go:115.2,115.41 1 0
backend/pkg/mikrotik/pool.go:115.41,116.63 1 0
backend/pkg/mikrotik/pool.go:116.63,120.4 3 0
backend/pkg/mikrotik/pool.go:121.3,121.15 1 0
backend/pkg/mikrotik/pool.go:125.2,125.13 1 0
backend/pkg/mikrotik/pool.go:128.64,129.45 1 0
backend/pkg/mikrotik/pool.go:129.45,131.3 1 0
backend/pkg/mikrotik/pool.go:132.2,135.42 4 0
backend/pkg/mikrotik/pool.go:138.75,145.96 6 0
backend/pkg/mikrotik/pool.go:145.96,148.3 2 0
backend/pkg/mikrotik/pool.go:148.8,148.52 1 0
backend/pkg/mikrotik/pool.go:148.52,150.3 1 0
backend/pkg/mikrotik/pool.go:154.135,157.16 3 0
backend/pkg/mikrotik/pool.go:157.16,159.3 1 0
backend/pkg/mikrotik/pool.go:162.2,165.16 3 0
backend/pkg/mikrotik/pool.go:165.16,168.3 2 0
backend/pkg/mikrotik/pool.go:170.2,171.16 2 0
backend/pkg/mikrotik/pool.go:171.16,174.3 2 0
backend/pkg/mikrotik/pool.go:177.2,178.26 2 0
backend/pkg/mikrotik/pool.go:181.124,188.32 4 0
backend/pkg/mikrotik/pool.go:188.32,191.3 2 0
backend/pkg/mikrotik/pool.go:193.2,199.36 5 0
backend/pkg/mikrotik/pool.go:199.36,200.43 1 0
backend/pkg/mikrotik/pool.go:200.43,203.4 1 0
backend/pkg/mikrotik/pool.go:203.9,205.4 1 0
backend/pkg/mikrotik/pool.go:207.2,210.29 2 0
backend/pkg/mikrotik/pool.go:210.29,219.17 5 0
backend/pkg/mikrotik/pool.go:219.17,225.4 5 0
backend/pkg/mikrotik/pool.go:228.3,234.14 5 0
backend/pkg/mikrotik/pool.go:238.2,240.16 3 0
backend/pkg/mikrotik/pool.go:240.16,245.3 4 0
backend/pkg/mikrotik/pool.go:247.2,252.20 5 0
backend/pkg/mikrotik/pool.go:255.99,256.19 1 0
backend/pkg/mikrotik/pool.go:256.19,258.3 1 0
backend/pkg/mikrotik/pool.go:260.2,268.13 6 0
backend/pkg/mikrotik/pool.go:268.13,272.3 2 0
backend/pkg/mikrotik/pool.go:275.2,275.44 1 0
backend/pkg/mikrotik/pool.go:275.44,280.3 1 0
backend/pkg/mikrotik/pool.go:280.8,283.3 1 0
backend/pkg/mikrotik/pool.go:286.219,290.52 3 0
backend/pkg/mikrotik/pool.go:290.52,293.55 3 0
backend/pkg/mikrotik/pool.go:293.55,295.65 2 0
backend/pkg/mikrotik/pool.go:295.65,298.5 2 0
backend/pkg/mikrotik/pool.go:300.3,302.18 2 0
backend/pkg/mikrotik/pool.go:302.18,306.4 3 0
backend/pkg/mikrotik/pool.go:308.3,309.17 2 0
backend/pkg/mikrotik/pool.go:309.17,312.30 2 0
backend/pkg/mikrotik/pool.go:312.30,317.5 3 0
backend/pkg/mikrotik/pool.go:318.4,318.12 1 0
backend/pkg/mikrotik/pool.go:321.3,324.19 3 0
backend/pkg/mikrotik/pool.go:324.19,328.17 4 0
backend/pkg/mikrotik/pool.go:328.17,330.5 1 0
backend/pkg/mikrotik/pool.go:331.4,333.30 2 0
backend/pkg/mikrotik/pool.go:333.30,337.5 3 0
backend/pkg/mikrotik/pool.go:338.4,338.12 1 0
backend/pkg/mikrotik/pool.go:341.3,341.21 1 0
backend/pkg/mikrotik/pool.go:344.2,344.21 1 0
backend/pkg/mikrotik/pool.go:347.45,351.29 3 0
backend/pkg/mikrotik/pool.go:351.29,352.37 1 0
backend/pkg/mikrotik/pool.go:352.37,354.4 1 0
backend/pkg/mikrotik/pool.go:355.3,355.23 1 0
backend/pkg/mikrotik/pool.go:357.2,357.33 1 0
backend/pkg/mikrotik/pool.go:360.28,361.11 1 0
backend/pkg/mikrotik/pool.go:361.11,363.3 1 0
backend/pkg/mikrotik/pool.go:364.2,364.10 1 0
backend/pkg/mikrotik/service.go:12.82,14.16 2 0
backend/pkg/mikrotik/service.go:14.16,16.3 1 0
backend/pkg/mikrotik/service.go:17.2,17.23 1 0
backend/pkg/mikrotik/service.go:17.23,19.3 1 0
backend/pkg/mikrotik/service.go:20.2,20.16 1 0
backend/pkg/mikrotik/service.go:24.77,26.16 2 0
backend/pkg/mikrotik/service.go:26.16,28.3 1 0
backend/pkg/mikrotik/service.go:29.2,30.36 2 0
backend/pkg/mikrotik/service.go:30.36,32.3 1 0
backend/pkg/mikrotik/service.go:33.2,33.21 1 0
backend/pkg/mikrotik/service.go:37.67,39.16 2 0
backend/pkg/mikrotik/service.go:39.16,41.3 1 0
backend/pkg/mikrotik/service.go:42.2,43.36 2 0
backend/pkg/mikrotik/service.go:43.36,44.43 1 0
backend/pkg/mikrotik/service.go:44.43,46.4 1 0
backend/pkg/mikrotik/service.go:48.2,48.22 1 0
backend/pkg/mikrotik/service.go:52.98,60.21 2 0
backend/pkg/mikrotik/service.go:60.21,62.3 1 0
backend/pkg/mikrotik/service.go:63.2,64.12 2 0
backend/pkg/mikrotik/service.go:68.120,70.16 2 0
backend/pkg/mikrotik/service.go:70.16,72.3 1 0
backend/pkg/mikrotik/service.go:73.2,73.24 1 0
backend/pkg/mikrotik/service.go:73.24,76.3 1 0
backend/pkg/mikrotik/service.go:78.2,87.21 3 0
backend/pkg/mikrotik/service.go:87.21,89.3 1 0
backend/pkg/mikrotik/service.go:89.8,91.3 1 0
backend/pkg/mikrotik/service.go:92.2,93.12 2 0
backend/pkg/mikrotik/service.go:97.76,99.16 2 0
backend/pkg/mikrotik/service.go:99.16,101.3 1 0
backend/pkg/mikrotik/service.go:102.2,102.24 1 0
backend/pkg/mikrotik/service.go:102.24,104.3 1 0
backend/pkg/mikrotik/service.go:105.2,107.16 3 0
backend/pkg/mikrotik/service.go:107.16,109.3 1 0
backend/pkg/mikrotik/service.go:110.2,110.18 1 0
backend/pkg/mikrotik/service.go:114.73,116.16 2 0
backend/pkg/mikrotik/service.go:116.16,118.3 1 0
backend/pkg/mikrotik/service.go:119.2,119.24 1 0
backend/pkg/mikrotik/service.go:119.24,121.3 1 0
backend/pkg/mikrotik/service.go:122.2,124.12 3 0
backend/pkg/mikrotik/service.go:128.118,131.16 3 0
backend/pkg/mikrotik/service.go:131.16,133.3 1 0
backend/pkg/mikrotik/service.go:134.2,138.16 4 0
backend/pkg/mikrotik/service.go:138.16,140.3 1 0
backend/pkg/mikrotik/service.go:141.2,144.16 3 0
backend/pkg/mikrotik/service.go:144.16,146.3 1 0
backend/pkg/mikrotik/service.go:149.2,150.16 2 0
backend/pkg/mikrotik/service.go:150.16,152.3 1 0
backend/pkg/mikrotik/service.go:153.2,154.25 2 0
backend/pkg/mikrotik/service.go:154.25,156.3 1 0
backend/pkg/mikrotik/service.go:159.2,160.16 2 0
backend/pkg/mikrotik/service.go:160.16,162.3 1 0
backend/pkg/mikrotik/service.go:163.2,164.26 2 0
backend/pkg/mikrotik/service.go:164.26,166.3 1 0
backend/pkg/mikrotik/service.go:168.2,168.34 1 0
backend/pkg/logger/logger.go:29.37,31.2 1 0
backend/pkg/logger/logger.go:41.24,45.2 1 0
backend/pkg/logger/logger.go:48.20,71.2 2 0
backend/pkg/logger/logger.go:73.83,78.15 4 0
backend/pkg/logger/logger.go:79.17,80.25 1 0
backend/pkg/logger/logger.go:81.17,82.25 1 0
backend/pkg/logger/logger.go:83.18,84.25 1 0
backend/pkg/logger/logger.go:85.10,86.24 1 0
backend/pkg/logger/logger.go:89.2,90.12 2 0
backend/pkg/logger/logger.go:93.58,94.17 1 0
backend/pkg/logger/logger.go:94.17,96.3 1 0
backend/pkg/logger/logger.go:98.2,98.12 1 0
backend/pkg/logger/logger.go:98.12,104.51 2 0
backend/pkg/logger/logger.go:104.51,106.4 1 0
backend/pkg/logger/logger.go:111.47,112.25 1 0
backend/pkg/logger/logger.go:112.25,115.3 2 0
backend/pkg/logger/logger.go:115.8,119.3 2 0
backend/pkg/logger/logger.go:123.47,124.25 1 0
backend/pkg/logger/logger.go:124.25,127.3 2 0
backend/pkg/logger/logger.go:127.8,131.3 2 0
backend/pkg/logger/logger.go:135.48,136.25 1 0
backend/pkg/logger/logger.go:136.25,139.3 2 0
backend/pkg/logger/logger.go:139.8,143.3 2 0
